<?xml version="1.0" encoding="utf-8"?>
<!DOCTYPE coverage SYSTEM "http://cobertura.sourceforge.net/xml/coverage-04.dtd">
<coverage line-rate="0.98159509202454" branch-rate="0.964285714285714" lines-covered="160" lines-valid="163" branches-covered="54" branches-valid="56" complexity="66" version="0" timestamp="1693240231">
  <sources>
    <source>C:\Users\leoga\</source>
  </sources>
  <packages>
    <package name="lgLeetCodePractice" line-rate="0.983870967741935" branch-rate="0.964285714285714" complexity="57">
      <classes>
        <class name="lgLeetCodePractice.FindMedianSortedArraysSolver" filename="C:\Users\leoga\source\repos\LeetCodePractice\src\lgLeetCodePractice\lgLeetCodePractice\FindMedianSortedArraysSolver.cs" line-rate="1" branch-rate="0.928571428571429" complexity="14">
          <methods>
            <method name="FindMedianSortedArrays" signature="(...)" line-rate="1" branch-rate="0.928571428571429" complexity="14">
              <lines>
                <line number="12" hits="12" branch="false" />
                <line number="13" hits="12" branch="true" condition-coverage="100% (4/4)" />
                <line number="14" hits="1" branch="false" />
                <line number="15" hits="1" branch="false" />
                <line number="17" hits="11" branch="true" condition-coverage="100% (4/4)" />
                <line number="18" hits="1" branch="false" />
                <line number="19" hits="1" branch="false" />
                <line number="21" hits="10" branch="true" condition-coverage="75% (3/4)" />
                <line number="22" hits="1" branch="false" />
                <line number="23" hits="1" branch="false" />
                <line number="24" hits="1" branch="false" />
                <line number="26" hits="9" branch="false" />
                <line number="27" hits="9" branch="false" />
                <line number="28" hits="9" branch="false" />
                <line number="30" hits="10" branch="false" />
                <line number="31" hits="10" branch="false" />
                <line number="32" hits="10" branch="true" condition-coverage="100% (2/2)" />
                <line number="33" hits="12" branch="false" />
              </lines>
            </method>
          </methods>
          <lines>
            <line number="12" hits="12" branch="false" />
            <line number="13" hits="12" branch="true" condition-coverage="100% (4/4)" />
            <line number="14" hits="1" branch="false" />
            <line number="15" hits="1" branch="false" />
            <line number="17" hits="11" branch="true" condition-coverage="100% (4/4)" />
            <line number="18" hits="1" branch="false" />
            <line number="19" hits="1" branch="false" />
            <line number="21" hits="10" branch="true" condition-coverage="75% (3/4)" />
            <line number="22" hits="1" branch="false" />
            <line number="23" hits="1" branch="false" />
            <line number="24" hits="1" branch="false" />
            <line number="26" hits="9" branch="false" />
            <line number="27" hits="9" branch="false" />
            <line number="28" hits="9" branch="false" />
            <line number="30" hits="10" branch="false" />
            <line number="31" hits="10" branch="false" />
            <line number="32" hits="10" branch="true" condition-coverage="100% (2/2)" />
            <line number="33" hits="12" branch="false" />
          </lines>
        </class>
        <class name="lgLeetCodePractice.LengthOfSubstringSolver" filename="C:\Users\leoga\source\repos\LeetCodePractice\src\lgLeetCodePractice\lgLeetCodePractice\LengthOfSubstringSolver.cs" line-rate="1" branch-rate="1" complexity="10">
          <methods>
            <method name="LengthOfLongestSubstring" signature="(...)" line-rate="1" branch-rate="1" complexity="10">
              <lines>
                <line number="12" hits="16" branch="false" />
                <line number="13" hits="16" branch="true" condition-coverage="100% (2/2)" />
                <line number="14" hits="2" branch="false" />
                <line number="15" hits="2" branch="false" />
                <line number="17" hits="14" branch="true" condition-coverage="100% (2/2)" />
                <line number="18" hits="1" branch="false" />
                <line number="19" hits="1" branch="false" />
                <line number="21" hits="13" branch="false" />
                <line number="22" hits="13" branch="false" />
                <line number="23" hits="13" branch="false" />
                <line number="24" hits="13" branch="false" />
                <line number="25" hits="13" branch="false" />
                <line number="27" hits="148" branch="true" condition-coverage="100% (2/2)" />
                <line number="28" hits="135" branch="false" />
                <line number="29" hits="135" branch="false" />
                <line number="30" hits="135" branch="false" />
                <line number="32" hits="135" branch="true" condition-coverage="100% (2/2)" />
                <line number="33" hits="60" branch="false" />
                <line number="34" hits="60" branch="false" />
                <line number="35" hits="60" branch="false" />
                <line number="37" hits="75" branch="false" />
                <line number="38" hits="75" branch="true" condition-coverage="100% (2/2)" />
                <line number="39" hits="29" branch="false" />
                <line number="40" hits="29" branch="false" />
                <line number="41" hits="29" branch="false" />
                <line number="42" hits="75" branch="false" />
                <line number="43" hits="75" branch="false" />
                <line number="46" hits="135" branch="false" />
                <line number="47" hits="135" branch="false" />
                <line number="49" hits="13" branch="false" />
                <line number="50" hits="16" branch="false" />
              </lines>
            </method>
          </methods>
          <lines>
            <line number="12" hits="16" branch="false" />
            <line number="13" hits="16" branch="true" condition-coverage="100% (2/2)" />
            <line number="14" hits="2" branch="false" />
            <line number="15" hits="2" branch="false" />
            <line number="17" hits="14" branch="true" condition-coverage="100% (2/2)" />
            <line number="18" hits="1" branch="false" />
            <line number="19" hits="1" branch="false" />
            <line number="21" hits="13" branch="false" />
            <line number="22" hits="13" branch="false" />
            <line number="23" hits="13" branch="false" />
            <line number="24" hits="13" branch="false" />
            <line number="25" hits="13" branch="false" />
            <line number="27" hits="148" branch="true" condition-coverage="100% (2/2)" />
            <line number="28" hits="135" branch="false" />
            <line number="29" hits="135" branch="false" />
            <line number="30" hits="135" branch="false" />
            <line number="32" hits="135" branch="true" condition-coverage="100% (2/2)" />
            <line number="33" hits="60" branch="false" />
            <line number="34" hits="60" branch="false" />
            <line number="35" hits="60" branch="false" />
            <line number="37" hits="75" branch="false" />
            <line number="38" hits="75" branch="true" condition-coverage="100% (2/2)" />
            <line number="39" hits="29" branch="false" />
            <line number="40" hits="29" branch="false" />
            <line number="41" hits="29" branch="false" />
            <line number="42" hits="75" branch="false" />
            <line number="43" hits="75" branch="false" />
            <line number="46" hits="135" branch="false" />
            <line number="47" hits="135" branch="false" />
            <line number="49" hits="13" branch="false" />
            <line number="50" hits="16" branch="false" />
          </lines>
        </class>
        <class name="lgLeetCodePractice.LongestPalindromeSolver" filename="C:\Users\leoga\source\repos\LeetCodePractice\src\lgLeetCodePractice\lgLeetCodePractice\LongestPalindromeSolver.cs" line-rate="1" branch-rate="1" complexity="16">
          <methods>
            <method name="LongestPalindrome" signature="(...)" line-rate="1" branch-rate="1" complexity="16">
              <lines>
                <line number="12" hits="12" branch="false" />
                <line number="13" hits="12" branch="true" condition-coverage="100% (2/2)" />
                <line number="14" hits="2" branch="false" />
                <line number="15" hits="2" branch="false" />
                <line number="18" hits="20" branch="false" />
                <line number="19" hits="130" branch="true" condition-coverage="100% (2/2)" />
                <line number="20" hits="55" branch="false" />
                <line number="21" hits="110" branch="false" />
                <line number="22" hits="62" branch="true" condition-coverage="100% (4/4)" />
                <line number="23" hits="7" branch="false" />
                <line number="25" hits="67" branch="true" condition-coverage="100% (6/6)" />
                <line number="26" hits="12" branch="false" />
                <line number="27" hits="12" branch="false" />
                <line number="28" hits="12" branch="false" />
                <line number="29" hits="12" branch="false" />
                <line number="30" hits="55" branch="true" condition-coverage="100% (2/2)" />
                <line number="31" hits="18" branch="false" />
                <line number="32" hits="18" branch="false" />
                <line number="33" hits="18" branch="false" />
                <line number="34" hits="18" branch="false" />
                <line number="35" hits="55" branch="false" />
                <line number="36" hits="10" branch="false" />
                <line number="37" hits="12" branch="false" />
              </lines>
            </method>
          </methods>
          <lines>
            <line number="12" hits="12" branch="false" />
            <line number="13" hits="12" branch="true" condition-coverage="100% (2/2)" />
            <line number="14" hits="2" branch="false" />
            <line number="15" hits="2" branch="false" />
            <line number="18" hits="20" branch="false" />
            <line number="19" hits="130" branch="true" condition-coverage="100% (2/2)" />
            <line number="20" hits="55" branch="false" />
            <line number="21" hits="110" branch="false" />
            <line number="22" hits="62" branch="true" condition-coverage="100% (4/4)" />
            <line number="23" hits="7" branch="false" />
            <line number="25" hits="67" branch="true" condition-coverage="100% (6/6)" />
            <line number="26" hits="12" branch="false" />
            <line number="27" hits="12" branch="false" />
            <line number="28" hits="12" branch="false" />
            <line number="29" hits="12" branch="false" />
            <line number="30" hits="55" branch="true" condition-coverage="100% (2/2)" />
            <line number="31" hits="18" branch="false" />
            <line number="32" hits="18" branch="false" />
            <line number="33" hits="18" branch="false" />
            <line number="34" hits="18" branch="false" />
            <line number="35" hits="55" branch="false" />
            <line number="36" hits="10" branch="false" />
            <line number="37" hits="12" branch="false" />
          </lines>
        </class>
        <class name="lgLeetCodePractice.RomanToIntSolver" filename="C:\Users\leoga\source\repos\LeetCodePractice\src\lgLeetCodePractice\lgLeetCodePractice\RomanToIntSolver.cs" line-rate="1" branch-rate="1" complexity="8">
          <methods>
            <method name="RomanToInt" signature="(...)" line-rate="1" branch-rate="1" complexity="8">
              <lines>
                <line number="12" hits="11" branch="false" />
                <line number="13" hits="11" branch="false" />
                <line number="14" hits="11" branch="false" />
                <line number="15" hits="11" branch="false" />
                <line number="16" hits="11" branch="false" />
                <line number="17" hits="11" branch="false" />
                <line number="18" hits="11" branch="false" />
                <line number="19" hits="11" branch="false" />
                <line number="20" hits="166" branch="true" condition-coverage="100% (4/4)" />
                <line number="21" hits="155" branch="false" />
                <line number="22" hits="155" branch="true" condition-coverage="100% (4/4)" />
                <line number="23" hits="45" branch="false" />
                <line number="24" hits="45" branch="false" />
                <line number="25" hits="45" branch="false" />
                <line number="26" hits="45" branch="false" />
                <line number="27" hits="45" branch="false" />
                <line number="29" hits="110" branch="false" />
                <line number="30" hits="110" branch="false" />
                <line number="31" hits="110" branch="false" />
                <line number="32" hits="110" branch="false" />
                <line number="33" hits="155" branch="false" />
                <line number="35" hits="11" branch="false" />
                <line number="36" hits="11" branch="false" />
              </lines>
            </method>
          </methods>
          <lines>
            <line number="12" hits="11" branch="false" />
            <line number="13" hits="11" branch="false" />
            <line number="14" hits="11" branch="false" />
            <line number="15" hits="11" branch="false" />
            <line number="16" hits="11" branch="false" />
            <line number="17" hits="11" branch="false" />
            <line number="18" hits="11" branch="false" />
            <line number="19" hits="11" branch="false" />
            <line number="20" hits="166" branch="true" condition-coverage="100% (4/4)" />
            <line number="21" hits="155" branch="false" />
            <line number="22" hits="155" branch="true" condition-coverage="100% (4/4)" />
            <line number="23" hits="45" branch="false" />
            <line number="24" hits="45" branch="false" />
            <line number="25" hits="45" branch="false" />
            <line number="26" hits="45" branch="false" />
            <line number="27" hits="45" branch="false" />
            <line number="29" hits="110" branch="false" />
            <line number="30" hits="110" branch="false" />
            <line number="31" hits="110" branch="false" />
            <line number="32" hits="110" branch="false" />
            <line number="33" hits="155" branch="false" />
            <line number="35" hits="11" branch="false" />
            <line number="36" hits="11" branch="false" />
          </lines>
        </class>
        <class name="lgLeetCodePractice.TwoSumSolver" filename="C:\Users\leoga\source\repos\LeetCodePractice\src\lgLeetCodePractice\lgLeetCodePractice\TwoSumSolver.cs" line-rate="0.964285714285714" branch-rate="0.875" complexity="8">
          <methods>
            <method name="TwoSum" signature="(...)" line-rate="0.964285714285714" branch-rate="0.875" complexity="8">
              <lines>
                <line number="13" hits="4" branch="false" />
                <line number="14" hits="4" branch="false" />
                <line number="15" hits="4" branch="false" />
                <line number="17" hits="4" branch="false" />
                <line number="18" hits="4" branch="false" />
                <line number="19" hits="4" branch="false" />
                <line number="20" hits="8" branch="true" condition-coverage="50% (1/2)" />
                <line number="21" hits="8" branch="false" />
                <line number="22" hits="8" branch="false" />
                <line number="24" hits="8" branch="true" condition-coverage="100% (2/2)" />
                <line number="25" hits="3" branch="false" />
                <line number="26" hits="3" branch="false" />
                <line number="27" hits="3" branch="false" />
                <line number="28" hits="5" branch="true" condition-coverage="100% (2/2)" />
                <line number="29" hits="1" branch="false" />
                <line number="30" hits="1" branch="false" />
                <line number="31" hits="1" branch="false" />
                <line number="33" hits="4" branch="false" />
                <line number="34" hits="4" branch="false" />
                <line number="35" hits="4" branch="false" />
                <line number="36" hits="5" branch="true" condition-coverage="100% (2/2)" />
                <line number="37" hits="1" branch="false" />
                <line number="38" hits="1" branch="false" />
                <line number="39" hits="1" branch="false" />
                <line number="40" hits="4" branch="false" />
                <line number="42" hits="4" branch="false" />
                <line number="44" hits="0" branch="false" />
                <line number="45" hits="4" branch="false" />
              </lines>
            </method>
          </methods>
          <lines>
            <line number="13" hits="4" branch="false" />
            <line number="14" hits="4" branch="false" />
            <line number="15" hits="4" branch="false" />
            <line number="17" hits="4" branch="false" />
            <line number="18" hits="4" branch="false" />
            <line number="19" hits="4" branch="false" />
            <line number="20" hits="8" branch="true" condition-coverage="50% (1/2)" />
            <line number="21" hits="8" branch="false" />
            <line number="22" hits="8" branch="false" />
            <line number="24" hits="8" branch="true" condition-coverage="100% (2/2)" />
            <line number="25" hits="3" branch="false" />
            <line number="26" hits="3" branch="false" />
            <line number="27" hits="3" branch="false" />
            <line number="28" hits="5" branch="true" condition-coverage="100% (2/2)" />
            <line number="29" hits="1" branch="false" />
            <line number="30" hits="1" branch="false" />
            <line number="31" hits="1" branch="false" />
            <line number="33" hits="4" branch="false" />
            <line number="34" hits="4" branch="false" />
            <line number="35" hits="4" branch="false" />
            <line number="36" hits="5" branch="true" condition-coverage="100% (2/2)" />
            <line number="37" hits="1" branch="false" />
            <line number="38" hits="1" branch="false" />
            <line number="39" hits="1" branch="false" />
            <line number="40" hits="4" branch="false" />
            <line number="42" hits="4" branch="false" />
            <line number="44" hits="0" branch="false" />
            <line number="45" hits="4" branch="false" />
          </lines>
        </class>
        <class name="Program" filename="C:\Users\leoga\source\repos\LeetCodePractice\src\lgLeetCodePractice\lgLeetCodePractice\Program.cs" line-rate="0" branch-rate="1" complexity="1">
          <methods>
            <method name="&lt;Main&gt;$" signature="(...)" line-rate="0" branch-rate="1" complexity="1">
              <lines>
                <line number="4" hits="0" branch="false" />
              </lines>
            </method>
          </methods>
          <lines>
            <line number="4" hits="0" branch="false" />
          </lines>
        </class>
      </classes>
    </package>
    <package name="lgLeetCodePractice.Tests" line-rate="0.974358974358974" branch-rate="1" complexity="9">
      <classes>
        <class name="AutoGeneratedProgram" filename="C:\Users\leoga\.nuget\packages\microsoft.net.test.sdk\17.7.1\build\netcoreapp3.1\Microsoft.NET.Test.Sdk.Program.cs" line-rate="0" branch-rate="1" complexity="1">
          <methods>
            <method name="Main" signature="(...)" line-rate="0" branch-rate="1" complexity="1">
              <lines>
                <line number="4" hits="0" branch="false" />
              </lines>
            </method>
          </methods>
          <lines>
            <line number="4" hits="0" branch="false" />
          </lines>
        </class>
        <class name="lgLeetCodePractice.Tests.FindMedianSortedArraysSolverTests" filename="C:\Users\leoga\source\repos\LeetCodePractice\src\lgLeetCodePractice.Tests\FindMedianSortedArraysSolverTests.cs" line-rate="1" branch-rate="1" complexity="2">
          <methods>
            <method name="CreateFindMedianSortedArraysSolver" signature="()" line-rate="1" branch-rate="1" complexity="1">
              <lines>
                <line number="12" hits="12" branch="false" />
                <line number="13" hits="12" branch="false" />
                <line number="14" hits="12" branch="false" />
              </lines>
            </method>
            <method name="FindMedianSortedArrays" signature="(...)" line-rate="1" branch-rate="1" complexity="1">
              <lines>
                <line number="30" hits="12" branch="false" />
                <line number="32" hits="12" branch="false" />
                <line number="35" hits="12" branch="false" />
                <line number="36" hits="12" branch="false" />
                <line number="37" hits="12" branch="false" />
                <line number="40" hits="12" branch="false" />
                <line number="41" hits="12" branch="false" />
              </lines>
            </method>
          </methods>
          <lines>
            <line number="12" hits="12" branch="false" />
            <line number="13" hits="12" branch="false" />
            <line number="14" hits="12" branch="false" />
            <line number="30" hits="12" branch="false" />
            <line number="32" hits="12" branch="false" />
            <line number="35" hits="12" branch="false" />
            <line number="36" hits="12" branch="false" />
            <line number="37" hits="12" branch="false" />
            <line number="40" hits="12" branch="false" />
            <line number="41" hits="12" branch="false" />
          </lines>
        </class>
        <class name="lgLeetCodePractice.Tests.LengthOfSubstringSolverTests" filename="C:\Users\leoga\source\repos\LeetCodePractice\src\lgLeetCodePractice.Tests\LengthOfSubstringSolverTests.cs" line-rate="1" branch-rate="1" complexity="1">
          <methods>
            <method name="LengthOfLongestSubstring" signature="(...)" line-rate="1" branch-rate="1" complexity="1">
              <lines>
                <line number="30" hits="16" branch="false" />
                <line number="32" hits="16" branch="false" />
                <line number="35" hits="16" branch="false" />
                <line number="38" hits="16" branch="false" />
                <line number="39" hits="16" branch="false" />
              </lines>
            </method>
          </methods>
          <lines>
            <line number="30" hits="16" branch="false" />
            <line number="32" hits="16" branch="false" />
            <line number="35" hits="16" branch="false" />
            <line number="38" hits="16" branch="false" />
            <line number="39" hits="16" branch="false" />
          </lines>
        </class>
        <class name="lgLeetCodePractice.Tests.LongestPalindromeSolverTests" filename="C:\Users\leoga\source\repos\LeetCodePractice\src\lgLeetCodePractice.Tests\LongestPalindromeSolverTests.cs" line-rate="1" branch-rate="1" complexity="2">
          <methods>
            <method name="CreateLongestPalindromeSolver" signature="()" line-rate="1" branch-rate="1" complexity="1">
              <lines>
                <line number="12" hits="12" branch="false" />
                <line number="13" hits="12" branch="false" />
                <line number="14" hits="12" branch="false" />
              </lines>
            </method>
            <method name="LongestPalindrome" signature="(...)" line-rate="1" branch-rate="1" complexity="1">
              <lines>
                <line number="30" hits="12" branch="false" />
                <line number="32" hits="12" branch="false" />
                <line number="35" hits="12" branch="false" />
                <line number="38" hits="12" branch="false" />
                <line number="39" hits="12" branch="false" />
              </lines>
            </method>
          </methods>
          <lines>
            <line number="12" hits="12" branch="false" />
            <line number="13" hits="12" branch="false" />
            <line number="14" hits="12" branch="false" />
            <line number="30" hits="12" branch="false" />
            <line number="32" hits="12" branch="false" />
            <line number="35" hits="12" branch="false" />
            <line number="38" hits="12" branch="false" />
            <line number="39" hits="12" branch="false" />
          </lines>
        </class>
        <class name="lgLeetCodePractice.Tests.RomanToIntSolverTests" filename="C:\Users\leoga\source\repos\LeetCodePractice\src\lgLeetCodePractice.Tests\RomanToIntSolverTests.cs" line-rate="1" branch-rate="1" complexity="2">
          <methods>
            <method name="CreateRomanToIntSolver" signature="()" line-rate="1" branch-rate="1" complexity="1">
              <lines>
                <line number="12" hits="11" branch="false" />
                <line number="13" hits="11" branch="false" />
                <line number="14" hits="11" branch="false" />
              </lines>
            </method>
            <method name="RomanToInt" signature="(...)" line-rate="1" branch-rate="1" complexity="1">
              <lines>
                <line number="29" hits="11" branch="false" />
                <line number="31" hits="11" branch="false" />
                <line number="34" hits="11" branch="false" />
                <line number="37" hits="11" branch="false" />
                <line number="38" hits="11" branch="false" />
              </lines>
            </method>
          </methods>
          <lines>
            <line number="12" hits="11" branch="false" />
            <line number="13" hits="11" branch="false" />
            <line number="14" hits="11" branch="false" />
            <line number="29" hits="11" branch="false" />
            <line number="31" hits="11" branch="false" />
            <line number="34" hits="11" branch="false" />
            <line number="37" hits="11" branch="false" />
            <line number="38" hits="11" branch="false" />
          </lines>
        </class>
        <class name="lgLeetCodePractice.Tests.TwoSumSolverTests" filename="C:\Users\leoga\source\repos\LeetCodePractice\src\lgLeetCodePractice.Tests\TwoSumSolverTests.cs" line-rate="1" branch-rate="1" complexity="1">
          <methods>
            <method name="TwoSumResults" signature="(...)" line-rate="1" branch-rate="1" complexity="1">
              <lines>
                <line number="16" hits="4" branch="false" />
                <line number="18" hits="4" branch="false" />
                <line number="21" hits="4" branch="false" />
                <line number="22" hits="4" branch="false" />
                <line number="23" hits="4" branch="false" />
                <line number="26" hits="4" branch="false" />
                <line number="27" hits="4" branch="false" />
              </lines>
            </method>
          </methods>
          <lines>
            <line number="16" hits="4" branch="false" />
            <line number="18" hits="4" branch="false" />
            <line number="21" hits="4" branch="false" />
            <line number="22" hits="4" branch="false" />
            <line number="23" hits="4" branch="false" />
            <line number="26" hits="4" branch="false" />
            <line number="27" hits="4" branch="false" />
          </lines>
        </class>
      </classes>
    </package>
  </packages>
</coverage>