TpTrace Verbose: 0 : 23812, 1, 2023/08/26, 13:12:41.537, 9565505853889, vstest.console.dll, Version: 17.7.0-preview-23317-01+919ec8358820228cc5fa77ef000051c1d6875399 Current process architecture: X64
TpTrace Verbose: 0 : 23812, 1, 2023/08/26, 13:12:41.540, 9565505880793, vstest.console.dll, Runtime location: C:\Program Files\dotnet\shared\Microsoft.NETCore.App\8.0.0-preview.7.23375.6
TpTrace Verbose: 0 : 23812, 1, 2023/08/26, 13:12:41.542, 9565505896157, vstest.console.dll, ArtifactProcessingPostProcessModeProcessorExecutor.Initialize: ArtifactProcessingMode.Collect
TpTrace Verbose: 0 : 23812, 1, 2023/08/26, 13:12:41.542, 9565505896875, vstest.console.dll, TestSessionCorrelationIdProcessorModeProcessorExecutor.Initialize: TestSessionCorrelationId '41016_b0a5742a-a72e-443b-be4a-8100f8216a9a'
TpTrace Information: 0 : 23812, 1, 2023/08/26, 13:12:41.545, 9565505932750, vstest.console.dll, FilePatternParser: The given file C:\Users\leoga\source\repos\LeetCodePractice\src\lgLeetCodePractice.Tests\bin\Debug\net7.0\fine-code-coverage\build-output\lgLeetCodePractice.Tests.dll is a full path.
TpTrace Verbose: 0 : 23812, 1, 2023/08/26, 13:12:41.548, 9565505954853, vstest.console.dll, TestPluginCache.DiscoverTestExtensions: finding test extensions in assemblies ends with: RuntimeProvider.dll TPluginInfo: Microsoft.VisualStudio.TestPlatform.Common.ExtensionFramework.Utilities.TestRuntimePluginInformation TExtension: Microsoft.VisualStudio.TestPlatform.ObjectModel.Host.ITestRuntimeProvider
TpTrace Verbose: 0 : 23812, 1, 2023/08/26, 13:12:41.548, 9565505956509, vstest.console.dll, TestPluginCache.GetExtensionPaths: Filtered extension paths: 
TpTrace Verbose: 0 : 23812, 1, 2023/08/26, 13:12:41.548, 9565505956939, vstest.console.dll, TestPluginCache.GetExtensionPaths: Added default extension paths: C:\Program Files\dotnet\sdk\8.0.100-preview.7.23376.3\Extensions\Microsoft.Diagnostics.NETCore.Client.dll
C:\Program Files\dotnet\sdk\8.0.100-preview.7.23376.3\Extensions\Microsoft.TestPlatform.Extensions.BlameDataCollector.dll
C:\Program Files\dotnet\sdk\8.0.100-preview.7.23376.3\Extensions\Microsoft.TestPlatform.Extensions.EventLogCollector.dll
C:\Program Files\dotnet\sdk\8.0.100-preview.7.23376.3\Extensions\Microsoft.TestPlatform.TestHostRuntimeProvider.dll
C:\Program Files\dotnet\sdk\8.0.100-preview.7.23376.3\Extensions\Microsoft.VisualStudio.TestPlatform.Extensions.Html.TestLogger.dll
C:\Program Files\dotnet\sdk\8.0.100-preview.7.23376.3\Extensions\Microsoft.VisualStudio.TestPlatform.Extensions.Trx.TestLogger.dll
TpTrace Verbose: 0 : 23812, 1, 2023/08/26, 13:12:41.548, 9565505957130, vstest.console.dll, TestPluginCache.GetExtensionPaths: Added unfilterableExtensionPaths: 
TpTrace Information: 0 : 23812, 1, 2023/08/26, 13:12:41.548, 9565505960880, vstest.console.dll, AssemblyResolver.ctor: Creating AssemblyResolver with searchDirectories C:\Program Files\dotnet\sdk\8.0.100-preview.7.23376.3\Extensions,C:\Program Files\dotnet\sdk\8.0.100-preview.7.23376.3
TpTrace Verbose: 0 : 23812, 1, 2023/08/26, 13:12:41.549, 9565505968330, vstest.console.dll, TestPluginCache.DiscoverTestExtensions: Discovering the extensions using extension path.
TpTrace Verbose: 0 : 23812, 1, 2023/08/26, 13:12:41.549, 9565505969192, vstest.console.dll, TestPluginCache.GetExtensionPaths: Filtered extension paths: 
TpTrace Verbose: 0 : 23812, 1, 2023/08/26, 13:12:41.549, 9565505969417, vstest.console.dll, TestPluginCache.GetExtensionPaths: Added default extension paths: C:\Program Files\dotnet\sdk\8.0.100-preview.7.23376.3\Extensions\Microsoft.Diagnostics.NETCore.Client.dll
C:\Program Files\dotnet\sdk\8.0.100-preview.7.23376.3\Extensions\Microsoft.TestPlatform.Extensions.BlameDataCollector.dll
C:\Program Files\dotnet\sdk\8.0.100-preview.7.23376.3\Extensions\Microsoft.TestPlatform.Extensions.EventLogCollector.dll
C:\Program Files\dotnet\sdk\8.0.100-preview.7.23376.3\Extensions\Microsoft.TestPlatform.TestHostRuntimeProvider.dll
C:\Program Files\dotnet\sdk\8.0.100-preview.7.23376.3\Extensions\Microsoft.VisualStudio.TestPlatform.Extensions.Html.TestLogger.dll
C:\Program Files\dotnet\sdk\8.0.100-preview.7.23376.3\Extensions\Microsoft.VisualStudio.TestPlatform.Extensions.Trx.TestLogger.dll
TpTrace Verbose: 0 : 23812, 1, 2023/08/26, 13:12:41.549, 9565505969797, vstest.console.dll, TestPluginCache.GetExtensionPaths: Added unfilterableExtensionPaths: 
TpTrace Verbose: 0 : 23812, 1, 2023/08/26, 13:12:41.549, 9565505970150, vstest.console.dll, TestPluginCache.DiscoverTestExtensions: Discovering the extensions using allExtensionPaths: C:\Program Files\dotnet\sdk\8.0.100-preview.7.23376.3\Extensions\Microsoft.Diagnostics.NETCore.Client.dll
C:\Program Files\dotnet\sdk\8.0.100-preview.7.23376.3\Extensions\Microsoft.TestPlatform.Extensions.BlameDataCollector.dll
C:\Program Files\dotnet\sdk\8.0.100-preview.7.23376.3\Extensions\Microsoft.TestPlatform.Extensions.EventLogCollector.dll
C:\Program Files\dotnet\sdk\8.0.100-preview.7.23376.3\Extensions\Microsoft.TestPlatform.TestHostRuntimeProvider.dll
C:\Program Files\dotnet\sdk\8.0.100-preview.7.23376.3\Extensions\Microsoft.VisualStudio.TestPlatform.Extensions.Html.TestLogger.dll
C:\Program Files\dotnet\sdk\8.0.100-preview.7.23376.3\Extensions\Microsoft.VisualStudio.TestPlatform.Extensions.Trx.TestLogger.dll
TpTrace Information: 0 : 23812, 1, 2023/08/26, 13:12:41.549, 9565505970620, vstest.console.dll, AssemblyResolver.AddSearchDirectories: Adding more searchDirectories C:\Program Files\dotnet\sdk\8.0.100-preview.7.23376.3\Extensions,C:\Program Files\dotnet\sdk\8.0.100-preview.7.23376.3
TpTrace Information: 0 : 23812, 1, 2023/08/26, 13:12:41.549, 9565505970851, vstest.console.dll, AssemblyResolver.AddSearchDirectories: Adding more searchDirectories C:\Program Files\dotnet\sdk\8.0.100-preview.7.23376.3\Extensions,C:\Program Files\dotnet\sdk\8.0.100-preview.7.23376.3
TpTrace Information: 0 : 23812, 1, 2023/08/26, 13:12:41.549, 9565505970994, vstest.console.dll, AssemblyResolver.AddSearchDirectories: Adding more searchDirectories C:\Program Files\dotnet\sdk\8.0.100-preview.7.23376.3\Extensions,C:\Program Files\dotnet\sdk\8.0.100-preview.7.23376.3
TpTrace Information: 0 : 23812, 1, 2023/08/26, 13:12:41.549, 9565505971136, vstest.console.dll, AssemblyResolver.AddSearchDirectories: Adding more searchDirectories C:\Program Files\dotnet\sdk\8.0.100-preview.7.23376.3\Extensions,C:\Program Files\dotnet\sdk\8.0.100-preview.7.23376.3
TpTrace Information: 0 : 23812, 1, 2023/08/26, 13:12:41.549, 9565505971290, vstest.console.dll, AssemblyResolver.AddSearchDirectories: Adding more searchDirectories C:\Program Files\dotnet\sdk\8.0.100-preview.7.23376.3\Extensions,C:\Program Files\dotnet\sdk\8.0.100-preview.7.23376.3
TpTrace Information: 0 : 23812, 1, 2023/08/26, 13:12:41.549, 9565505971423, vstest.console.dll, AssemblyResolver.AddSearchDirectories: Adding more searchDirectories C:\Program Files\dotnet\sdk\8.0.100-preview.7.23376.3\Extensions,C:\Program Files\dotnet\sdk\8.0.100-preview.7.23376.3
TpTrace Information: 0 : 23812, 1, 2023/08/26, 13:12:41.549, 9565505974141, vstest.console.dll, AssemblyResolver.OnResolve: Microsoft.Diagnostics.NETCore.Client: Resolving assembly.
TpTrace Information: 0 : 23812, 1, 2023/08/26, 13:12:41.550, 9565505974526, vstest.console.dll, AssemblyResolver.OnResolve: Microsoft.Diagnostics.NETCore.Client: Searching in: 'C:\Program Files\dotnet\sdk\8.0.100-preview.7.23376.3\Extensions'.
TpTrace Information: 0 : 23812, 1, 2023/08/26, 13:12:41.553, 9565506011698, vstest.console.dll, AssemblyResolver.OnResolve: Microsoft.Diagnostics.NETCore.Client: Loading assembly 'C:\Program Files\dotnet\sdk\8.0.100-preview.7.23376.3\Extensions\Microsoft.Diagnostics.NETCore.Client.dll'.
TpTrace Information: 0 : 23812, 1, 2023/08/26, 13:12:41.553, 9565506014438, vstest.console.dll, AssemblyResolver.OnResolve: Resolved assembly: Microsoft.Diagnostics.NETCore.Client, from path: C:\Program Files\dotnet\sdk\8.0.100-preview.7.23376.3\Extensions\Microsoft.Diagnostics.NETCore.Client.dll
TpTrace Verbose: 0 : 23812, 1, 2023/08/26, 13:12:41.556, 9565506038353, vstest.console.dll, MetadataReaderExtensionsHelper: Discovering extensions inside assembly 'Microsoft.Diagnostics.NETCore.Client, Version=0.2.8.21101, Culture=neutral, PublicKeyToken=31bf3856ad364e35' file path 'C:\Program Files\dotnet\sdk\8.0.100-preview.7.23376.3\Extensions\Microsoft.Diagnostics.NETCore.Client.dll'
TpTrace Information: 0 : 23812, 1, 2023/08/26, 13:12:41.558, 9565506056186, vstest.console.dll, AssemblyResolver.OnResolve: Microsoft.Bcl.AsyncInterfaces: Resolving assembly.
TpTrace Information: 0 : 23812, 1, 2023/08/26, 13:12:41.558, 9565506056640, vstest.console.dll, AssemblyResolver.OnResolve: Microsoft.Bcl.AsyncInterfaces: Searching in: 'C:\Program Files\dotnet\sdk\8.0.100-preview.7.23376.3\Extensions'.
TpTrace Information: 0 : 23812, 1, 2023/08/26, 13:12:41.558, 9565506057008, vstest.console.dll, AssemblyResolver.OnResolve: Microsoft.Bcl.AsyncInterfaces: Assembly path does not exist: 'C:\Program Files\dotnet\sdk\8.0.100-preview.7.23376.3\Extensions\Microsoft.Bcl.AsyncInterfaces.dll', returning.
TpTrace Information: 0 : 23812, 1, 2023/08/26, 13:12:41.558, 9565506057227, vstest.console.dll, AssemblyResolver.OnResolve: Microsoft.Bcl.AsyncInterfaces: Assembly path does not exist: 'C:\Program Files\dotnet\sdk\8.0.100-preview.7.23376.3\Extensions\Microsoft.Bcl.AsyncInterfaces.exe', returning.
TpTrace Information: 0 : 23812, 1, 2023/08/26, 13:12:41.558, 9565506057351, vstest.console.dll, AssemblyResolver.OnResolve: Microsoft.Bcl.AsyncInterfaces: Searching in: 'C:\Program Files\dotnet\sdk\8.0.100-preview.7.23376.3'.
TpTrace Information: 0 : 23812, 1, 2023/08/26, 13:12:41.558, 9565506057621, vstest.console.dll, AssemblyResolver.OnResolve: Microsoft.Bcl.AsyncInterfaces: Assembly path does not exist: 'C:\Program Files\dotnet\sdk\8.0.100-preview.7.23376.3\Microsoft.Bcl.AsyncInterfaces.dll', returning.
TpTrace Information: 0 : 23812, 1, 2023/08/26, 13:12:41.558, 9565506057817, vstest.console.dll, AssemblyResolver.OnResolve: Microsoft.Bcl.AsyncInterfaces: Assembly path does not exist: 'C:\Program Files\dotnet\sdk\8.0.100-preview.7.23376.3\Microsoft.Bcl.AsyncInterfaces.exe', returning.
TpTrace Information: 0 : 23812, 1, 2023/08/26, 13:12:41.558, 9565506057939, vstest.console.dll, AssemblyResolver.OnResolve: Microsoft.Bcl.AsyncInterfaces: Failed to load assembly.
TpTrace Verbose: 0 : 23812, 1, 2023/08/26, 13:12:41.558, 9565506058106, vstest.console.dll, CurrentDomainAssemblyResolve: Resolving assembly 'Microsoft.Bcl.AsyncInterfaces'.
TpTrace Information: 0 : 23812, 1, 2023/08/26, 13:12:41.558, 9565506058368, vstest.console.dll, AssemblyResolver.OnResolve: Microsoft.Bcl.AsyncInterfaces: Resolving assembly.
TpTrace Information: 0 : 23812, 1, 2023/08/26, 13:12:41.558, 9565506058531, vstest.console.dll, AssemblyResolver.OnResolve: Microsoft.Bcl.AsyncInterfaces: Resolved from cache.
TpTrace Verbose: 0 : 23812, 1, 2023/08/26, 13:12:41.558, 9565506058653, vstest.console.dll, CurrentDomainAssemblyResolve: Resolving assembly 'Microsoft.Bcl.AsyncInterfaces'.
TpTrace Verbose: 0 : 23812, 1, 2023/08/26, 13:12:41.558, 9565506058803, vstest.console.dll, CurrentDomainAssemblyResolve: Failed to resolve assembly 'Microsoft.Bcl.AsyncInterfaces'.
TpTrace Verbose: 0 : 23812, 1, 2023/08/26, 13:12:41.558, 9565506062600, vstest.console.dll, CurrentDomainAssemblyResolve: Failed to resolve assembly 'Microsoft.Bcl.AsyncInterfaces'.
TpTrace Warning: 0 : 23812, 1, 2023/08/26, 13:12:41.564, 9565506120369, vstest.console.dll, TestPluginDiscoverer: Failed to get types from assembly 'Microsoft.Diagnostics.NETCore.Client, Version=0.2.8.21101, Culture=neutral, PublicKeyToken=31bf3856ad364e35'. Error: System.Reflection.ReflectionTypeLoadException: Unable to load one or more of the requested types.
Could not load file or assembly 'Microsoft.Bcl.AsyncInterfaces, Version=1.0.0.0, Culture=neutral, PublicKeyToken=cc7b13ffcd2ddd51'. The system cannot find the file specified.
   at System.Reflection.RuntimeModule.GetTypes(RuntimeModule module)
   at System.Reflection.RuntimeModule.GetTypes()
   at Microsoft.VisualStudio.TestPlatform.Common.ExtensionFramework.TestPluginDiscoverer.GetTestExtensionsFromAssembly[TPluginInfo,TExtension](Assembly assembly, Dictionary`2 pluginInfos, String filePath) in /_/src/Microsoft.TestPlatform.Common/ExtensionFramework/TestPluginDiscoverer.cs:line 158
System.IO.FileNotFoundException: Could not load file or assembly 'Microsoft.Bcl.AsyncInterfaces, Version=1.0.0.0, Culture=neutral, PublicKeyToken=cc7b13ffcd2ddd51'. The system cannot find the file specified.
File name: 'Microsoft.Bcl.AsyncInterfaces, Version=1.0.0.0, Culture=neutral, PublicKeyToken=cc7b13ffcd2ddd51'
 ---> System.IO.FileNotFoundException: Could not load file or assembly 'Microsoft.Bcl.AsyncInterfaces, Culture=neutral, PublicKeyToken=null'. The system cannot find the file specified.
File name: 'Microsoft.Bcl.AsyncInterfaces, Culture=neutral, PublicKeyToken=null'
   at System.Reflection.RuntimeAssembly.InternalLoad(AssemblyName assemblyName, StackCrawlMark& stackMark, AssemblyLoadContext assemblyLoadContext, RuntimeAssembly requestingAssembly, Boolean throwOnFileNotFound)
   at System.Reflection.Assembly.Load(AssemblyName assemblyRef)
   at Microsoft.VisualStudio.TestPlatform.Common.ExtensionFramework.TestPluginCache.CurrentDomainAssemblyResolve(Object sender, AssemblyResolveEventArgs args) in /_/src/Microsoft.TestPlatform.Common/ExtensionFramework/TestPluginCache.cs:line 513
   at System.Runtime.Loader.AssemblyLoadContext.GetFirstResolvedAssemblyFromResolvingEvent(AssemblyName assemblyName)
   at System.Runtime.Loader.AssemblyLoadContext.ResolveUsingEvent(AssemblyName assemblyName)
   at System.Runtime.Loader.AssemblyLoadContext.ResolveUsingResolvingEvent(IntPtr gchManagedAssemblyLoadContext, AssemblyName assemblyName)
TpTrace Warning: 0 : 23812, 1, 2023/08/26, 13:12:41.564, 9565506122584, vstest.console.dll, LoaderExceptions: System.IO.FileNotFoundException: Could not load file or assembly 'Microsoft.Bcl.AsyncInterfaces, Version=1.0.0.0, Culture=neutral, PublicKeyToken=cc7b13ffcd2ddd51'. The system cannot find the file specified.
File name: 'Microsoft.Bcl.AsyncInterfaces, Version=1.0.0.0, Culture=neutral, PublicKeyToken=cc7b13ffcd2ddd51'
 ---> System.IO.FileNotFoundException: Could not load file or assembly 'Microsoft.Bcl.AsyncInterfaces, Culture=neutral, PublicKeyToken=null'. The system cannot find the file specified.
File name: 'Microsoft.Bcl.AsyncInterfaces, Culture=neutral, PublicKeyToken=null'
   at System.Reflection.RuntimeAssembly.InternalLoad(AssemblyName assemblyName, StackCrawlMark& stackMark, AssemblyLoadContext assemblyLoadContext, RuntimeAssembly requestingAssembly, Boolean throwOnFileNotFound)
   at System.Reflection.Assembly.Load(AssemblyName assemblyRef)
   at Microsoft.VisualStudio.TestPlatform.Common.ExtensionFramework.TestPluginCache.CurrentDomainAssemblyResolve(Object sender, AssemblyResolveEventArgs args) in /_/src/Microsoft.TestPlatform.Common/ExtensionFramework/TestPluginCache.cs:line 513
   at System.Runtime.Loader.AssemblyLoadContext.GetFirstResolvedAssemblyFromResolvingEvent(AssemblyName assemblyName)
   at System.Runtime.Loader.AssemblyLoadContext.ResolveUsingEvent(AssemblyName assemblyName)
   at System.Runtime.Loader.AssemblyLoadContext.ResolveUsingResolvingEvent(IntPtr gchManagedAssemblyLoadContext, AssemblyName assemblyName)
TpTrace Information: 0 : 23812, 1, 2023/08/26, 13:12:41.564, 9565506123388, vstest.console.dll, AssemblyResolver.OnResolve: Microsoft.TestPlatform.Extensions.BlameDataCollector: Resolving assembly.
TpTrace Information: 0 : 23812, 1, 2023/08/26, 13:12:41.564, 9565506123579, vstest.console.dll, AssemblyResolver.OnResolve: Microsoft.TestPlatform.Extensions.BlameDataCollector: Searching in: 'C:\Program Files\dotnet\sdk\8.0.100-preview.7.23376.3\Extensions'.
TpTrace Information: 0 : 23812, 1, 2023/08/26, 13:12:41.565, 9565506125395, vstest.console.dll, AssemblyResolver.OnResolve: Microsoft.TestPlatform.Extensions.BlameDataCollector: Loading assembly 'C:\Program Files\dotnet\sdk\8.0.100-preview.7.23376.3\Extensions\Microsoft.TestPlatform.Extensions.BlameDataCollector.dll'.
TpTrace Information: 0 : 23812, 1, 2023/08/26, 13:12:41.565, 9565506127701, vstest.console.dll, AssemblyResolver.OnResolve: Resolved assembly: Microsoft.TestPlatform.Extensions.BlameDataCollector, from path: C:\Program Files\dotnet\sdk\8.0.100-preview.7.23376.3\Extensions\Microsoft.TestPlatform.Extensions.BlameDataCollector.dll
TpTrace Verbose: 0 : 23812, 1, 2023/08/26, 13:12:41.565, 9565506128346, vstest.console.dll, MetadataReaderExtensionsHelper: Discovering extensions inside assembly 'Microsoft.TestPlatform.Extensions.BlameDataCollector, Version=15.0.0.0, Culture=neutral, PublicKeyToken=b03f5f7f11d50a3a' file path 'C:\Program Files\dotnet\sdk\8.0.100-preview.7.23376.3\Extensions\Microsoft.TestPlatform.Extensions.BlameDataCollector.dll'
TpTrace Information: 0 : 23812, 1, 2023/08/26, 13:12:41.566, 9565506135294, vstest.console.dll, AssemblyResolver.OnResolve: Microsoft.TestPlatform.Extensions.EventLogCollector: Resolving assembly.
TpTrace Information: 0 : 23812, 1, 2023/08/26, 13:12:41.566, 9565506135663, vstest.console.dll, AssemblyResolver.OnResolve: Microsoft.TestPlatform.Extensions.EventLogCollector: Searching in: 'C:\Program Files\dotnet\sdk\8.0.100-preview.7.23376.3\Extensions'.
TpTrace Information: 0 : 23812, 1, 2023/08/26, 13:12:41.566, 9565506137151, vstest.console.dll, AssemblyResolver.OnResolve: Microsoft.TestPlatform.Extensions.EventLogCollector: Loading assembly 'C:\Program Files\dotnet\sdk\8.0.100-preview.7.23376.3\Extensions\Microsoft.TestPlatform.Extensions.EventLogCollector.dll'.
TpTrace Information: 0 : 23812, 1, 2023/08/26, 13:12:41.566, 9565506138834, vstest.console.dll, AssemblyResolver.OnResolve: Resolved assembly: Microsoft.TestPlatform.Extensions.EventLogCollector, from path: C:\Program Files\dotnet\sdk\8.0.100-preview.7.23376.3\Extensions\Microsoft.TestPlatform.Extensions.EventLogCollector.dll
TpTrace Verbose: 0 : 23812, 1, 2023/08/26, 13:12:41.566, 9565506139158, vstest.console.dll, MetadataReaderExtensionsHelper: Discovering extensions inside assembly 'Microsoft.TestPlatform.Extensions.EventLogCollector, Version=15.0.0.0, Culture=neutral, PublicKeyToken=b03f5f7f11d50a3a' file path 'C:\Program Files\dotnet\sdk\8.0.100-preview.7.23376.3\Extensions\Microsoft.TestPlatform.Extensions.EventLogCollector.dll'
TpTrace Information: 0 : 23812, 1, 2023/08/26, 13:12:41.567, 9565506147833, vstest.console.dll, AssemblyResolver.OnResolve: Microsoft.TestPlatform.TestHostRuntimeProvider: Resolving assembly.
TpTrace Information: 0 : 23812, 1, 2023/08/26, 13:12:41.567, 9565506148196, vstest.console.dll, AssemblyResolver.OnResolve: Microsoft.TestPlatform.TestHostRuntimeProvider: Searching in: 'C:\Program Files\dotnet\sdk\8.0.100-preview.7.23376.3\Extensions'.
TpTrace Information: 0 : 23812, 1, 2023/08/26, 13:12:41.567, 9565506149613, vstest.console.dll, AssemblyResolver.OnResolve: Microsoft.TestPlatform.TestHostRuntimeProvider: Loading assembly 'C:\Program Files\dotnet\sdk\8.0.100-preview.7.23376.3\Extensions\Microsoft.TestPlatform.TestHostRuntimeProvider.dll'.
TpTrace Information: 0 : 23812, 1, 2023/08/26, 13:12:41.567, 9565506151496, vstest.console.dll, AssemblyResolver.OnResolve: Resolved assembly: Microsoft.TestPlatform.TestHostRuntimeProvider, from path: C:\Program Files\dotnet\sdk\8.0.100-preview.7.23376.3\Extensions\Microsoft.TestPlatform.TestHostRuntimeProvider.dll
TpTrace Verbose: 0 : 23812, 1, 2023/08/26, 13:12:41.567, 9565506151821, vstest.console.dll, MetadataReaderExtensionsHelper: Discovering extensions inside assembly 'Microsoft.TestPlatform.TestHostRuntimeProvider, Version=15.0.0.0, Culture=neutral, PublicKeyToken=b03f5f7f11d50a3a' file path 'C:\Program Files\dotnet\sdk\8.0.100-preview.7.23376.3\Extensions\Microsoft.TestPlatform.TestHostRuntimeProvider.dll'
TpTrace Information: 0 : 23812, 1, 2023/08/26, 13:12:41.568, 9565506158723, vstest.console.dll, GetTestExtensionFromType: Register extension with identifier data 'HostProvider://DefaultTestHost' and type 'Microsoft.VisualStudio.TestPlatform.CrossPlatEngine.Hosting.DefaultTestHostManager, Microsoft.TestPlatform.TestHostRuntimeProvider, Version=15.0.0.0, Culture=neutral, PublicKeyToken=b03f5f7f11d50a3a' inside file 'C:\Program Files\dotnet\sdk\8.0.100-preview.7.23376.3\Extensions\Microsoft.TestPlatform.TestHostRuntimeProvider.dll'
TpTrace Information: 0 : 23812, 1, 2023/08/26, 13:12:41.568, 9565506160452, vstest.console.dll, GetTestExtensionFromType: Register extension with identifier data 'HostProvider://DotnetTestHost' and type 'Microsoft.VisualStudio.TestPlatform.CrossPlatEngine.Hosting.DotnetTestHostManager, Microsoft.TestPlatform.TestHostRuntimeProvider, Version=15.0.0.0, Culture=neutral, PublicKeyToken=b03f5f7f11d50a3a' inside file 'C:\Program Files\dotnet\sdk\8.0.100-preview.7.23376.3\Extensions\Microsoft.TestPlatform.TestHostRuntimeProvider.dll'
TpTrace Information: 0 : 23812, 1, 2023/08/26, 13:12:41.568, 9565506160911, vstest.console.dll, AssemblyResolver.OnResolve: Microsoft.VisualStudio.TestPlatform.Extensions.Html.TestLogger: Resolving assembly.
TpTrace Information: 0 : 23812, 1, 2023/08/26, 13:12:41.568, 9565506161079, vstest.console.dll, AssemblyResolver.OnResolve: Microsoft.VisualStudio.TestPlatform.Extensions.Html.TestLogger: Searching in: 'C:\Program Files\dotnet\sdk\8.0.100-preview.7.23376.3\Extensions'.
TpTrace Information: 0 : 23812, 1, 2023/08/26, 13:12:41.568, 9565506162665, vstest.console.dll, AssemblyResolver.OnResolve: Microsoft.VisualStudio.TestPlatform.Extensions.Html.TestLogger: Loading assembly 'C:\Program Files\dotnet\sdk\8.0.100-preview.7.23376.3\Extensions\Microsoft.VisualStudio.TestPlatform.Extensions.Html.TestLogger.dll'.
TpTrace Information: 0 : 23812, 1, 2023/08/26, 13:12:41.569, 9565506164629, vstest.console.dll, AssemblyResolver.OnResolve: Resolved assembly: Microsoft.VisualStudio.TestPlatform.Extensions.Html.TestLogger, from path: C:\Program Files\dotnet\sdk\8.0.100-preview.7.23376.3\Extensions\Microsoft.VisualStudio.TestPlatform.Extensions.Html.TestLogger.dll
TpTrace Verbose: 0 : 23812, 1, 2023/08/26, 13:12:41.569, 9565506165021, vstest.console.dll, MetadataReaderExtensionsHelper: Discovering extensions inside assembly 'Microsoft.VisualStudio.TestPlatform.Extensions.Html.TestLogger, Version=15.0.0.0, Culture=neutral, PublicKeyToken=b03f5f7f11d50a3a' file path 'C:\Program Files\dotnet\sdk\8.0.100-preview.7.23376.3\Extensions\Microsoft.VisualStudio.TestPlatform.Extensions.Html.TestLogger.dll'
TpTrace Information: 0 : 23812, 1, 2023/08/26, 13:12:41.569, 9565506168627, vstest.console.dll, AssemblyResolver.OnResolve: Microsoft.VisualStudio.TestPlatform.Extensions.Trx.TestLogger: Resolving assembly.
TpTrace Information: 0 : 23812, 1, 2023/08/26, 13:12:41.569, 9565506168977, vstest.console.dll, AssemblyResolver.OnResolve: Microsoft.VisualStudio.TestPlatform.Extensions.Trx.TestLogger: Searching in: 'C:\Program Files\dotnet\sdk\8.0.100-preview.7.23376.3\Extensions'.
TpTrace Information: 0 : 23812, 1, 2023/08/26, 13:12:41.569, 9565506170435, vstest.console.dll, AssemblyResolver.OnResolve: Microsoft.VisualStudio.TestPlatform.Extensions.Trx.TestLogger: Loading assembly 'C:\Program Files\dotnet\sdk\8.0.100-preview.7.23376.3\Extensions\Microsoft.VisualStudio.TestPlatform.Extensions.Trx.TestLogger.dll'.
TpTrace Information: 0 : 23812, 1, 2023/08/26, 13:12:41.569, 9565506172534, vstest.console.dll, AssemblyResolver.OnResolve: Resolved assembly: Microsoft.VisualStudio.TestPlatform.Extensions.Trx.TestLogger, from path: C:\Program Files\dotnet\sdk\8.0.100-preview.7.23376.3\Extensions\Microsoft.VisualStudio.TestPlatform.Extensions.Trx.TestLogger.dll
TpTrace Verbose: 0 : 23812, 1, 2023/08/26, 13:12:41.569, 9565506172877, vstest.console.dll, MetadataReaderExtensionsHelper: Discovering extensions inside assembly 'Microsoft.VisualStudio.TestPlatform.Extensions.Trx.TestLogger, Version=15.0.0.0, Culture=neutral, PublicKeyToken=b03f5f7f11d50a3a' file path 'C:\Program Files\dotnet\sdk\8.0.100-preview.7.23376.3\Extensions\Microsoft.VisualStudio.TestPlatform.Extensions.Trx.TestLogger.dll'
TpTrace Verbose: 0 : 23812, 1, 2023/08/26, 13:12:41.570, 9565506177542, vstest.console.dll, TestPluginCache: Discovered the extensions using extension path ''.
TpTrace Verbose: 0 : 23812, 1, 2023/08/26, 13:12:41.570, 9565506177943, vstest.console.dll, TestPluginCache: Discoverers are ''.
TpTrace Verbose: 0 : 23812, 1, 2023/08/26, 13:12:41.570, 9565506178093, vstest.console.dll, TestPluginCache: Executors are ''.
TpTrace Verbose: 0 : 23812, 1, 2023/08/26, 13:12:41.570, 9565506178220, vstest.console.dll, TestPluginCache: Executors2 are ''.
TpTrace Verbose: 0 : 23812, 1, 2023/08/26, 13:12:41.570, 9565506178336, vstest.console.dll, TestPluginCache: Setting providers are ''.
TpTrace Verbose: 0 : 23812, 1, 2023/08/26, 13:12:41.570, 9565506178452, vstest.console.dll, TestPluginCache: Loggers are ''.
TpTrace Verbose: 0 : 23812, 1, 2023/08/26, 13:12:41.570, 9565506178810, vstest.console.dll, TestPluginCache: TestHosts are 'HostProvider://DefaultTestHost,HostProvider://DotnetTestHost'.
TpTrace Verbose: 0 : 23812, 1, 2023/08/26, 13:12:41.570, 9565506178938, vstest.console.dll, TestPluginCache: DataCollectors are ''.
TpTrace Information: 0 : 23812, 1, 2023/08/26, 13:12:41.576, 9565506239135, vstest.console.dll, RunTestsArgumentProcessor:Execute: Test run is starting.
TpTrace Verbose: 0 : 23812, 1, 2023/08/26, 13:12:41.576, 9565506239574, vstest.console.dll, RunTestsArgumentProcessor:Execute: Queuing Test run.
TpTrace Information: 0 : 23812, 1, 2023/08/26, 13:12:41.576, 9565506240613, vstest.console.dll, TestRequestManager.RunTests: run tests started.
TpTrace Information: 0 : 23812, 1, 2023/08/26, 13:12:41.577, 9565506253472, vstest.console.dll, AssemblyMetadataProvider.GetFrameworkName: Determined framework:'.NETCoreApp,Version=v7.0' for source: 'C:\Users\leoga\source\repos\LeetCodePractice\src\lgLeetCodePractice.Tests\bin\Debug\net7.0\fine-code-coverage\build-output\lgLeetCodePractice.Tests.dll'
TpTrace Information: 0 : 23812, 1, 2023/08/26, 13:12:41.577, 9565506254434, vstest.console.dll, Determined framework for all sources: .NETCoreApp,Version=v7.0
TpTrace Verbose: 0 : 23812, 1, 2023/08/26, 13:12:41.578, 9565506256322, vstest.console.dll, TestRequestManager.UpdateRunSettingsIfRequired: Default architecture: X64 IsDefaultTargetArchitecture: True, Current process architecture: X64 OperatingSystem: Windows.
TpTrace Information: 0 : 23812, 1, 2023/08/26, 13:12:41.579, 9565506265960, vstest.console.dll, AssemblyMetadataProvider.GetArchitecture: Determined architecture:AnyCPU info for assembly: C:\Users\leoga\source\repos\LeetCodePractice\src\lgLeetCodePractice.Tests\bin\Debug\net7.0\fine-code-coverage\build-output\lgLeetCodePractice.Tests.dll
TpTrace Information: 0 : 23812, 1, 2023/08/26, 13:12:41.579, 9565506266377, vstest.console.dll, Determined platform for source 'C:\Users\leoga\source\repos\LeetCodePractice\src\lgLeetCodePractice.Tests\bin\Debug\net7.0\fine-code-coverage\build-output\lgLeetCodePractice.Tests.dll' was AnyCPU and it will use the default plaform X64.
TpTrace Information: 0 : 23812, 1, 2023/08/26, 13:12:41.579, 9565506266539, vstest.console.dll, None of the sources provided any runnable platform, using the default platform: X64
TpTrace Information: 0 : 23812, 1, 2023/08/26, 13:12:41.579, 9565506267073, vstest.console.dll, Platform was updated to 'X64'.
TpTrace Information: 0 : 23812, 1, 2023/08/26, 13:12:41.581, 9565506285195, vstest.console.dll, InferRunSettingsHelper.IsTestSettingsEnabled: Unable to navigate to RunSettings/MSTest. Current node: RunSettings
TpTrace Information: 0 : 23812, 1, 2023/08/26, 13:12:41.581, 9565506288669, vstest.console.dll, AssemblyResolver.OnResolve: Microsoft.VisualStudio.TestPlatform.Fakes: Resolving assembly.
TpTrace Information: 0 : 23812, 1, 2023/08/26, 13:12:41.581, 9565506289075, vstest.console.dll, AssemblyResolver.OnResolve: Microsoft.VisualStudio.TestPlatform.Fakes: Searching in: 'C:\Program Files\dotnet\sdk\8.0.100-preview.7.23376.3\Extensions'.
TpTrace Information: 0 : 23812, 1, 2023/08/26, 13:12:41.581, 9565506289488, vstest.console.dll, AssemblyResolver.OnResolve: Microsoft.VisualStudio.TestPlatform.Fakes: Assembly path does not exist: 'C:\Program Files\dotnet\sdk\8.0.100-preview.7.23376.3\Extensions\Microsoft.VisualStudio.TestPlatform.Fakes.dll', returning.
TpTrace Information: 0 : 23812, 1, 2023/08/26, 13:12:41.581, 9565506289757, vstest.console.dll, AssemblyResolver.OnResolve: Microsoft.VisualStudio.TestPlatform.Fakes: Assembly path does not exist: 'C:\Program Files\dotnet\sdk\8.0.100-preview.7.23376.3\Extensions\Microsoft.VisualStudio.TestPlatform.Fakes.exe', returning.
TpTrace Information: 0 : 23812, 1, 2023/08/26, 13:12:41.581, 9565506289906, vstest.console.dll, AssemblyResolver.OnResolve: Microsoft.VisualStudio.TestPlatform.Fakes: Searching in: 'C:\Program Files\dotnet\sdk\8.0.100-preview.7.23376.3'.
TpTrace Information: 0 : 23812, 1, 2023/08/26, 13:12:41.581, 9565506290188, vstest.console.dll, AssemblyResolver.OnResolve: Microsoft.VisualStudio.TestPlatform.Fakes: Assembly path does not exist: 'C:\Program Files\dotnet\sdk\8.0.100-preview.7.23376.3\Microsoft.VisualStudio.TestPlatform.Fakes.dll', returning.
TpTrace Information: 0 : 23812, 1, 2023/08/26, 13:12:41.581, 9565506290403, vstest.console.dll, AssemblyResolver.OnResolve: Microsoft.VisualStudio.TestPlatform.Fakes: Assembly path does not exist: 'C:\Program Files\dotnet\sdk\8.0.100-preview.7.23376.3\Microsoft.VisualStudio.TestPlatform.Fakes.exe', returning.
TpTrace Information: 0 : 23812, 1, 2023/08/26, 13:12:41.581, 9565506290557, vstest.console.dll, AssemblyResolver.OnResolve: Microsoft.VisualStudio.TestPlatform.Fakes: Failed to load assembly.
TpTrace Information: 0 : 23812, 1, 2023/08/26, 13:12:41.581, 9565506292132, vstest.console.dll, Failed to load assembly Microsoft.VisualStudio.TestPlatform.Fakes, Version=17.0.0.0, Culture=neutral. Reason:System.IO.FileNotFoundException: Could not load file or assembly 'Microsoft.VisualStudio.TestPlatform.Fakes, Version=17.0.0.0, Culture=neutral, PublicKeyToken=null'. The system cannot find the file specified.
File name: 'Microsoft.VisualStudio.TestPlatform.Fakes, Version=17.0.0.0, Culture=neutral, PublicKeyToken=null'
   at System.Reflection.RuntimeAssembly.InternalLoad(AssemblyName assemblyName, StackCrawlMark& stackMark, AssemblyLoadContext assemblyLoadContext, RuntimeAssembly requestingAssembly, Boolean throwOnFileNotFound)
   at System.Reflection.Assembly.Load(AssemblyName assemblyRef)
   at Microsoft.VisualStudio.TestPlatform.Common.Utilities.FakesUtilities.LoadTestPlatformAssembly() in /_/src/Microsoft.TestPlatform.Common/Utilities/FakesUtilities.cs:line 272
TpTrace Verbose: 0 : 23812, 1, 2023/08/26, 13:12:41.583, 9565506310774, vstest.console.dll, TestPluginCache.DiscoverTestExtensions: finding test extensions in assemblies ends with: TestLogger.dll TPluginInfo: Microsoft.VisualStudio.TestPlatform.Common.ExtensionFramework.Utilities.TestLoggerPluginInformation TExtension: Microsoft.VisualStudio.TestPlatform.ObjectModel.Client.ITestLogger
TpTrace Verbose: 0 : 23812, 1, 2023/08/26, 13:12:41.583, 9565506311330, vstest.console.dll, TestPluginCache.GetExtensionPaths: Filtered extension paths: 
TpTrace Verbose: 0 : 23812, 1, 2023/08/26, 13:12:41.583, 9565506311524, vstest.console.dll, TestPluginCache.GetExtensionPaths: Added default extension paths: C:\Program Files\dotnet\sdk\8.0.100-preview.7.23376.3\Extensions\Microsoft.Diagnostics.NETCore.Client.dll
C:\Program Files\dotnet\sdk\8.0.100-preview.7.23376.3\Extensions\Microsoft.TestPlatform.Extensions.BlameDataCollector.dll
C:\Program Files\dotnet\sdk\8.0.100-preview.7.23376.3\Extensions\Microsoft.TestPlatform.Extensions.EventLogCollector.dll
C:\Program Files\dotnet\sdk\8.0.100-preview.7.23376.3\Extensions\Microsoft.TestPlatform.TestHostRuntimeProvider.dll
C:\Program Files\dotnet\sdk\8.0.100-preview.7.23376.3\Extensions\Microsoft.VisualStudio.TestPlatform.Extensions.Html.TestLogger.dll
C:\Program Files\dotnet\sdk\8.0.100-preview.7.23376.3\Extensions\Microsoft.VisualStudio.TestPlatform.Extensions.Trx.TestLogger.dll
TpTrace Verbose: 0 : 23812, 1, 2023/08/26, 13:12:41.583, 9565506311673, vstest.console.dll, TestPluginCache.GetExtensionPaths: Added unfilterableExtensionPaths: 
TpTrace Information: 0 : 23812, 1, 2023/08/26, 13:12:41.583, 9565506312349, vstest.console.dll, AssemblyResolver.AddSearchDirectories: Adding more searchDirectories C:\Program Files\dotnet\sdk\8.0.100-preview.7.23376.3\Extensions,C:\Program Files\dotnet\sdk\8.0.100-preview.7.23376.3
TpTrace Verbose: 0 : 23812, 1, 2023/08/26, 13:12:41.583, 9565506312570, vstest.console.dll, TestPluginCache.DiscoverTestExtensions: Discovering the extensions using extension path.
TpTrace Verbose: 0 : 23812, 1, 2023/08/26, 13:12:41.583, 9565506312744, vstest.console.dll, TestPluginCache.GetExtensionPaths: Filtered extension paths: 
TpTrace Verbose: 0 : 23812, 1, 2023/08/26, 13:12:41.583, 9565506312900, vstest.console.dll, TestPluginCache.GetExtensionPaths: Added default extension paths: C:\Program Files\dotnet\sdk\8.0.100-preview.7.23376.3\Extensions\Microsoft.Diagnostics.NETCore.Client.dll
C:\Program Files\dotnet\sdk\8.0.100-preview.7.23376.3\Extensions\Microsoft.TestPlatform.Extensions.BlameDataCollector.dll
C:\Program Files\dotnet\sdk\8.0.100-preview.7.23376.3\Extensions\Microsoft.TestPlatform.Extensions.EventLogCollector.dll
C:\Program Files\dotnet\sdk\8.0.100-preview.7.23376.3\Extensions\Microsoft.TestPlatform.TestHostRuntimeProvider.dll
C:\Program Files\dotnet\sdk\8.0.100-preview.7.23376.3\Extensions\Microsoft.VisualStudio.TestPlatform.Extensions.Html.TestLogger.dll
C:\Program Files\dotnet\sdk\8.0.100-preview.7.23376.3\Extensions\Microsoft.VisualStudio.TestPlatform.Extensions.Trx.TestLogger.dll
TpTrace Verbose: 0 : 23812, 1, 2023/08/26, 13:12:41.583, 9565506313041, vstest.console.dll, TestPluginCache.GetExtensionPaths: Added unfilterableExtensionPaths: 
TpTrace Verbose: 0 : 23812, 1, 2023/08/26, 13:12:41.583, 9565506313205, vstest.console.dll, TestPluginCache.DiscoverTestExtensions: Discovering the extensions using allExtensionPaths: C:\Program Files\dotnet\sdk\8.0.100-preview.7.23376.3\Extensions\Microsoft.Diagnostics.NETCore.Client.dll
C:\Program Files\dotnet\sdk\8.0.100-preview.7.23376.3\Extensions\Microsoft.TestPlatform.Extensions.BlameDataCollector.dll
C:\Program Files\dotnet\sdk\8.0.100-preview.7.23376.3\Extensions\Microsoft.TestPlatform.Extensions.EventLogCollector.dll
C:\Program Files\dotnet\sdk\8.0.100-preview.7.23376.3\Extensions\Microsoft.TestPlatform.TestHostRuntimeProvider.dll
C:\Program Files\dotnet\sdk\8.0.100-preview.7.23376.3\Extensions\Microsoft.VisualStudio.TestPlatform.Extensions.Html.TestLogger.dll
C:\Program Files\dotnet\sdk\8.0.100-preview.7.23376.3\Extensions\Microsoft.VisualStudio.TestPlatform.Extensions.Trx.TestLogger.dll
TpTrace Information: 0 : 23812, 1, 2023/08/26, 13:12:41.583, 9565506313431, vstest.console.dll, AssemblyResolver.AddSearchDirectories: Adding more searchDirectories C:\Program Files\dotnet\sdk\8.0.100-preview.7.23376.3\Extensions,C:\Program Files\dotnet\sdk\8.0.100-preview.7.23376.3
TpTrace Information: 0 : 23812, 1, 2023/08/26, 13:12:41.583, 9565506313572, vstest.console.dll, AssemblyResolver.AddSearchDirectories: Adding more searchDirectories C:\Program Files\dotnet\sdk\8.0.100-preview.7.23376.3\Extensions,C:\Program Files\dotnet\sdk\8.0.100-preview.7.23376.3
TpTrace Information: 0 : 23812, 1, 2023/08/26, 13:12:41.583, 9565506313711, vstest.console.dll, AssemblyResolver.AddSearchDirectories: Adding more searchDirectories C:\Program Files\dotnet\sdk\8.0.100-preview.7.23376.3\Extensions,C:\Program Files\dotnet\sdk\8.0.100-preview.7.23376.3
TpTrace Information: 0 : 23812, 1, 2023/08/26, 13:12:41.583, 9565506313882, vstest.console.dll, AssemblyResolver.AddSearchDirectories: Adding more searchDirectories C:\Program Files\dotnet\sdk\8.0.100-preview.7.23376.3\Extensions,C:\Program Files\dotnet\sdk\8.0.100-preview.7.23376.3
TpTrace Information: 0 : 23812, 1, 2023/08/26, 13:12:41.583, 9565506314021, vstest.console.dll, AssemblyResolver.AddSearchDirectories: Adding more searchDirectories C:\Program Files\dotnet\sdk\8.0.100-preview.7.23376.3\Extensions,C:\Program Files\dotnet\sdk\8.0.100-preview.7.23376.3
TpTrace Information: 0 : 23812, 1, 2023/08/26, 13:12:41.583, 9565506314160, vstest.console.dll, AssemblyResolver.AddSearchDirectories: Adding more searchDirectories C:\Program Files\dotnet\sdk\8.0.100-preview.7.23376.3\Extensions,C:\Program Files\dotnet\sdk\8.0.100-preview.7.23376.3
TpTrace Verbose: 0 : 23812, 1, 2023/08/26, 13:12:41.584, 9565506314778, vstest.console.dll, MetadataReaderExtensionsHelper: Discovering extensions inside assembly 'Microsoft.Diagnostics.NETCore.Client, Version=0.2.8.21101, Culture=neutral, PublicKeyToken=31bf3856ad364e35' file path 'C:\Program Files\dotnet\sdk\8.0.100-preview.7.23376.3\Extensions\Microsoft.Diagnostics.NETCore.Client.dll'
TpTrace Information: 0 : 23812, 1, 2023/08/26, 13:12:41.584, 9565506318617, vstest.console.dll, AssemblyResolver.OnResolve: Microsoft.Bcl.AsyncInterfaces: Resolving assembly.
TpTrace Information: 0 : 23812, 1, 2023/08/26, 13:12:41.584, 9565506318984, vstest.console.dll, AssemblyResolver.OnResolve: Microsoft.Bcl.AsyncInterfaces: Resolved from cache.
TpTrace Verbose: 0 : 23812, 1, 2023/08/26, 13:12:41.584, 9565506319136, vstest.console.dll, CurrentDomainAssemblyResolve: Resolving assembly 'Microsoft.Bcl.AsyncInterfaces'.
TpTrace Information: 0 : 23812, 1, 2023/08/26, 13:12:41.584, 9565506319357, vstest.console.dll, AssemblyResolver.OnResolve: Microsoft.Bcl.AsyncInterfaces: Resolving assembly.
TpTrace Information: 0 : 23812, 1, 2023/08/26, 13:12:41.584, 9565506319496, vstest.console.dll, AssemblyResolver.OnResolve: Microsoft.Bcl.AsyncInterfaces: Resolved from cache.
TpTrace Verbose: 0 : 23812, 1, 2023/08/26, 13:12:41.584, 9565506319625, vstest.console.dll, CurrentDomainAssemblyResolve: Resolving assembly 'Microsoft.Bcl.AsyncInterfaces'.
TpTrace Verbose: 0 : 23812, 1, 2023/08/26, 13:12:41.584, 9565506319765, vstest.console.dll, CurrentDomainAssemblyResolve: Failed to resolve assembly 'Microsoft.Bcl.AsyncInterfaces'.
TpTrace Verbose: 0 : 23812, 1, 2023/08/26, 13:12:41.584, 9565506320594, vstest.console.dll, CurrentDomainAssemblyResolve: Failed to resolve assembly 'Microsoft.Bcl.AsyncInterfaces'.
TpTrace Warning: 0 : 23812, 1, 2023/08/26, 13:12:41.584, 9565506322582, vstest.console.dll, TestPluginDiscoverer: Failed to get types from assembly 'Microsoft.Diagnostics.NETCore.Client, Version=0.2.8.21101, Culture=neutral, PublicKeyToken=31bf3856ad364e35'. Error: System.Reflection.ReflectionTypeLoadException: Unable to load one or more of the requested types.
Could not load file or assembly 'Microsoft.Bcl.AsyncInterfaces, Version=1.0.0.0, Culture=neutral, PublicKeyToken=cc7b13ffcd2ddd51'. The system cannot find the file specified.
   at System.Reflection.RuntimeModule.GetTypes(RuntimeModule module)
   at System.Reflection.RuntimeModule.GetTypes()
   at Microsoft.VisualStudio.TestPlatform.Common.ExtensionFramework.TestPluginDiscoverer.GetTestExtensionsFromAssembly[TPluginInfo,TExtension](Assembly assembly, Dictionary`2 pluginInfos, String filePath) in /_/src/Microsoft.TestPlatform.Common/ExtensionFramework/TestPluginDiscoverer.cs:line 158
System.IO.FileNotFoundException: Could not load file or assembly 'Microsoft.Bcl.AsyncInterfaces, Version=1.0.0.0, Culture=neutral, PublicKeyToken=cc7b13ffcd2ddd51'. The system cannot find the file specified.
File name: 'Microsoft.Bcl.AsyncInterfaces, Version=1.0.0.0, Culture=neutral, PublicKeyToken=cc7b13ffcd2ddd51'
 ---> System.IO.FileNotFoundException: Could not load file or assembly 'Microsoft.Bcl.AsyncInterfaces, Culture=neutral, PublicKeyToken=null'. The system cannot find the file specified.
File name: 'Microsoft.Bcl.AsyncInterfaces, Culture=neutral, PublicKeyToken=null'
   at System.Reflection.RuntimeAssembly.InternalLoad(AssemblyName assemblyName, StackCrawlMark& stackMark, AssemblyLoadContext assemblyLoadContext, RuntimeAssembly requestingAssembly, Boolean throwOnFileNotFound)
   at System.Reflection.Assembly.Load(AssemblyName assemblyRef)
   at Microsoft.VisualStudio.TestPlatform.Common.ExtensionFramework.TestPluginCache.CurrentDomainAssemblyResolve(Object sender, AssemblyResolveEventArgs args) in /_/src/Microsoft.TestPlatform.Common/ExtensionFramework/TestPluginCache.cs:line 513
   at System.Runtime.Loader.AssemblyLoadContext.GetFirstResolvedAssemblyFromResolvingEvent(AssemblyName assemblyName)
   at System.Runtime.Loader.AssemblyLoadContext.ResolveUsingEvent(AssemblyName assemblyName)
   at System.Runtime.Loader.AssemblyLoadContext.ResolveUsingResolvingEvent(IntPtr gchManagedAssemblyLoadContext, AssemblyName assemblyName)
TpTrace Warning: 0 : 23812, 1, 2023/08/26, 13:12:41.584, 9565506323435, vstest.console.dll, LoaderExceptions: System.IO.FileNotFoundException: Could not load file or assembly 'Microsoft.Bcl.AsyncInterfaces, Version=1.0.0.0, Culture=neutral, PublicKeyToken=cc7b13ffcd2ddd51'. The system cannot find the file specified.
File name: 'Microsoft.Bcl.AsyncInterfaces, Version=1.0.0.0, Culture=neutral, PublicKeyToken=cc7b13ffcd2ddd51'
 ---> System.IO.FileNotFoundException: Could not load file or assembly 'Microsoft.Bcl.AsyncInterfaces, Culture=neutral, PublicKeyToken=null'. The system cannot find the file specified.
File name: 'Microsoft.Bcl.AsyncInterfaces, Culture=neutral, PublicKeyToken=null'
   at System.Reflection.RuntimeAssembly.InternalLoad(AssemblyName assemblyName, StackCrawlMark& stackMark, AssemblyLoadContext assemblyLoadContext, RuntimeAssembly requestingAssembly, Boolean throwOnFileNotFound)
   at System.Reflection.Assembly.Load(AssemblyName assemblyRef)
   at Microsoft.VisualStudio.TestPlatform.Common.ExtensionFramework.TestPluginCache.CurrentDomainAssemblyResolve(Object sender, AssemblyResolveEventArgs args) in /_/src/Microsoft.TestPlatform.Common/ExtensionFramework/TestPluginCache.cs:line 513
   at System.Runtime.Loader.AssemblyLoadContext.GetFirstResolvedAssemblyFromResolvingEvent(AssemblyName assemblyName)
   at System.Runtime.Loader.AssemblyLoadContext.ResolveUsingEvent(AssemblyName assemblyName)
   at System.Runtime.Loader.AssemblyLoadContext.ResolveUsingResolvingEvent(IntPtr gchManagedAssemblyLoadContext, AssemblyName assemblyName)
TpTrace Verbose: 0 : 23812, 1, 2023/08/26, 13:12:41.584, 9565506323833, vstest.console.dll, MetadataReaderExtensionsHelper: Discovering extensions inside assembly 'Microsoft.TestPlatform.Extensions.BlameDataCollector, Version=15.0.0.0, Culture=neutral, PublicKeyToken=b03f5f7f11d50a3a' file path 'C:\Program Files\dotnet\sdk\8.0.100-preview.7.23376.3\Extensions\Microsoft.TestPlatform.Extensions.BlameDataCollector.dll'
TpTrace Information: 0 : 23812, 1, 2023/08/26, 13:12:41.585, 9565506326469, vstest.console.dll, GetTestExtensionFromType: Register extension with identifier data 'logger://Microsoft/TestPlatform/Extensions/Blame/v1' and type 'Microsoft.TestPlatform.Extensions.BlameDataCollector.BlameLogger, Microsoft.TestPlatform.Extensions.BlameDataCollector, Version=15.0.0.0, Culture=neutral, PublicKeyToken=b03f5f7f11d50a3a' inside file 'C:\Program Files\dotnet\sdk\8.0.100-preview.7.23376.3\Extensions\Microsoft.TestPlatform.Extensions.BlameDataCollector.dll'
TpTrace Verbose: 0 : 23812, 1, 2023/08/26, 13:12:41.585, 9565506326845, vstest.console.dll, MetadataReaderExtensionsHelper: Discovering extensions inside assembly 'Microsoft.TestPlatform.Extensions.EventLogCollector, Version=15.0.0.0, Culture=neutral, PublicKeyToken=b03f5f7f11d50a3a' file path 'C:\Program Files\dotnet\sdk\8.0.100-preview.7.23376.3\Extensions\Microsoft.TestPlatform.Extensions.EventLogCollector.dll'
TpTrace Verbose: 0 : 23812, 1, 2023/08/26, 13:12:41.585, 9565506328536, vstest.console.dll, MetadataReaderExtensionsHelper: Discovering extensions inside assembly 'Microsoft.TestPlatform.TestHostRuntimeProvider, Version=15.0.0.0, Culture=neutral, PublicKeyToken=b03f5f7f11d50a3a' file path 'C:\Program Files\dotnet\sdk\8.0.100-preview.7.23376.3\Extensions\Microsoft.TestPlatform.TestHostRuntimeProvider.dll'
TpTrace Verbose: 0 : 23812, 1, 2023/08/26, 13:12:41.585, 9565506330108, vstest.console.dll, MetadataReaderExtensionsHelper: Discovering extensions inside assembly 'Microsoft.VisualStudio.TestPlatform.Extensions.Html.TestLogger, Version=15.0.0.0, Culture=neutral, PublicKeyToken=b03f5f7f11d50a3a' file path 'C:\Program Files\dotnet\sdk\8.0.100-preview.7.23376.3\Extensions\Microsoft.VisualStudio.TestPlatform.Extensions.Html.TestLogger.dll'
TpTrace Information: 0 : 23812, 1, 2023/08/26, 13:12:41.585, 9565506332891, vstest.console.dll, GetTestExtensionFromType: Register extension with identifier data 'logger://Microsoft/TestPlatform/HtmlLogger/v1' and type 'Microsoft.VisualStudio.TestPlatform.Extensions.HtmlLogger.HtmlLogger, Microsoft.VisualStudio.TestPlatform.Extensions.Html.TestLogger, Version=15.0.0.0, Culture=neutral, PublicKeyToken=b03f5f7f11d50a3a' inside file 'C:\Program Files\dotnet\sdk\8.0.100-preview.7.23376.3\Extensions\Microsoft.VisualStudio.TestPlatform.Extensions.Html.TestLogger.dll'
TpTrace Verbose: 0 : 23812, 1, 2023/08/26, 13:12:41.585, 9565506333347, vstest.console.dll, MetadataReaderExtensionsHelper: Discovering extensions inside assembly 'Microsoft.VisualStudio.TestPlatform.Extensions.Trx.TestLogger, Version=15.0.0.0, Culture=neutral, PublicKeyToken=b03f5f7f11d50a3a' file path 'C:\Program Files\dotnet\sdk\8.0.100-preview.7.23376.3\Extensions\Microsoft.VisualStudio.TestPlatform.Extensions.Trx.TestLogger.dll'
TpTrace Information: 0 : 23812, 1, 2023/08/26, 13:12:41.586, 9565506335330, vstest.console.dll, GetTestExtensionFromType: Register extension with identifier data 'logger://Microsoft/TestPlatform/TrxLogger/v1' and type 'Microsoft.VisualStudio.TestPlatform.Extensions.TrxLogger.TrxLogger, Microsoft.VisualStudio.TestPlatform.Extensions.Trx.TestLogger, Version=15.0.0.0, Culture=neutral, PublicKeyToken=b03f5f7f11d50a3a' inside file 'C:\Program Files\dotnet\sdk\8.0.100-preview.7.23376.3\Extensions\Microsoft.VisualStudio.TestPlatform.Extensions.Trx.TestLogger.dll'
TpTrace Verbose: 0 : 23812, 1, 2023/08/26, 13:12:41.586, 9565506335697, vstest.console.dll, TestPluginCache: Discovered the extensions using extension path ''.
TpTrace Verbose: 0 : 23812, 1, 2023/08/26, 13:12:41.586, 9565506335856, vstest.console.dll, TestPluginCache: Discoverers are ''.
TpTrace Verbose: 0 : 23812, 1, 2023/08/26, 13:12:41.586, 9565506335983, vstest.console.dll, TestPluginCache: Executors are ''.
TpTrace Verbose: 0 : 23812, 1, 2023/08/26, 13:12:41.586, 9565506336104, vstest.console.dll, TestPluginCache: Executors2 are ''.
TpTrace Verbose: 0 : 23812, 1, 2023/08/26, 13:12:41.586, 9565506336229, vstest.console.dll, TestPluginCache: Setting providers are ''.
TpTrace Verbose: 0 : 23812, 1, 2023/08/26, 13:12:41.586, 9565506336577, vstest.console.dll, TestPluginCache: Loggers are 'logger://Microsoft/TestPlatform/Extensions/Blame/v1,logger://Microsoft/TestPlatform/HtmlLogger/v1,logger://Microsoft/TestPlatform/TrxLogger/v1'.
TpTrace Verbose: 0 : 23812, 1, 2023/08/26, 13:12:41.586, 9565506336733, vstest.console.dll, TestPluginCache: TestHosts are 'HostProvider://DefaultTestHost,HostProvider://DotnetTestHost'.
TpTrace Verbose: 0 : 23812, 1, 2023/08/26, 13:12:41.586, 9565506336862, vstest.console.dll, TestPluginCache: DataCollectors are ''.
TpTrace Information: 0 : 23812, 1, 2023/08/26, 13:12:41.586, 9565506341356, vstest.console.dll, TestPluginManager.CreateTestExtension: Attempting to load test extension: Microsoft.TestPlatform.Extensions.BlameDataCollector.BlameLogger
TpTrace Verbose: 0 : 23812, 1, 2023/08/26, 13:12:41.590, 9565506379586, vstest.console.dll, TestEngine: Initializing Parallel Execution as MaxCpuCount is set to: 1
TpTrace Information: 0 : 23812, 1, 2023/08/26, 13:12:41.591, 9565506387943, vstest.console.dll, TestPluginManager.CreateTestExtension: Attempting to load test extension: Microsoft.VisualStudio.TestPlatform.CrossPlatEngine.Hosting.DefaultTestHostManager
TpTrace Information: 0 : 23812, 1, 2023/08/26, 13:12:41.591, 9565506391869, vstest.console.dll, TestPluginManager.CreateTestExtension: Attempting to load test extension: Microsoft.VisualStudio.TestPlatform.CrossPlatEngine.Hosting.DotnetTestHostManager
TpTrace Information: 0 : 23812, 1, 2023/08/26, 13:12:41.592, 9565506394778, vstest.console.dll, InferRunSettingsHelper.IsTestSettingsEnabled: Unable to navigate to RunSettings/MSTest. Current node: RunSettings
TpTrace Verbose: 0 : 23812, 1, 2023/08/26, 13:12:41.594, 9565506420423, vstest.console.dll, TestEngine.GetExecutionManager: Chosen execution manager 'Microsoft.VisualStudio.TestPlatform.CrossPlatEngine.Client.Parallel.ParallelProxyExecutionManager, Microsoft.TestPlatform.CrossPlatEngine, Version=15.0.0.0, Culture=neutral, PublicKeyToken=b03f5f7f11d50a3a' ParallelLevel '1'.
TpTrace Verbose: 0 : 23812, 1, 2023/08/26, 13:12:41.594, 9565506421215, vstest.console.dll, TestRunRequest.ExecuteAsync: Creating test run request.
TpTrace Verbose: 0 : 23812, 1, 2023/08/26, 13:12:41.594, 9565506422348, vstest.console.dll, TestRunRequest.ExecuteAsync: Starting.
TpTrace Information: 0 : 23812, 1, 2023/08/26, 13:12:41.596, 9565506436764, vstest.console.dll, TestRunRequest.ExecuteAsync: Starting run with settings:TestRunCriteria:
   KeepAlive=False,FrequencyOfRunStatsChangeEvent=10,RunStatsChangeEventTimeout=00:00:01.5000000,TestCaseFilter=,TestExecutorLauncher=
   Settingsxml=<RunSettings>
  <RunConfiguration>
    <ResultsDirectory>C:\Users\leoga\source\repos\LeetCodePractice\src\lgLeetCodePractice.Tests\bin\Debug\net7.0\fine-code-coverage\coverage-tool-output</ResultsDirectory>
    <TargetPlatform>X64</TargetPlatform>
    <TargetFrameworkVersion>.NETCoreApp,Version=v7.0</TargetFrameworkVersion>
    <DesignMode>False</DesignMode>
    <CollectSourceInformation>False</CollectSourceInformation>
  </RunConfiguration>
  <LoggerRunSettings>
    <Loggers>
      <Logger friendlyName="blame" enabled="True" />
      <Logger friendlyName="Console" uri="logger://microsoft/TestPlatform/ConsoleLogger/v1" assemblyQualifiedName="Microsoft.VisualStudio.TestPlatform.CommandLine.Internal.ConsoleLogger, vstest.console, Version=15.0.0.0, Culture=neutral, PublicKeyToken=b03f5f7f11d50a3a" codeBase="C:\Program Files\dotnet\sdk\8.0.100-preview.7.23376.3\vstest.console.dll" enabled="True" />
    </Loggers>
  </LoggerRunSettings>
  <DataCollectionRunSettings>
    <DataCollectors>
      <DataCollector friendlyName="blame" enabled="True">
        <Configuration>
          <ResultsDirectory>C:\Users\leoga\source\repos\LeetCodePractice\src\lgLeetCodePractice.Tests\bin\Debug\net7.0\fine-code-coverage\coverage-tool-output</ResultsDirectory>
        </Configuration>
      </DataCollector>
    </DataCollectors>
  </DataCollectionRunSettings>
</RunSettings>

TpTrace Verbose: 0 : 23812, 1, 2023/08/26, 13:12:41.596, 9565506437276, vstest.console.dll, TestRunRequest.ExecuteAsync: Wait for the first run request is over.
TpTrace Verbose: 0 : 23812, 1, 2023/08/26, 13:12:41.596, 9565506439174, vstest.console.dll, MulticastDelegateUtilities.SafeInvoke: TestRun.TestRunStart: Invoking callbacks was skipped because there are no subscribers.
TpTrace Verbose: 0 : 23812, 4, 2023/08/26, 13:12:41.596, 9565506441249, vstest.console.dll, MulticastDelegateUtilities.SafeInvoke: InternalTestLoggerEvents.SendTestRunStart: Invoking callback 1/1 for Microsoft.VisualStudio.TestPlatform.CommandLine.Internal.ConsoleLogger., took 0 ms.
TpTrace Verbose: 0 : 23812, 1, 2023/08/26, 13:12:41.597, 9565506444857, vstest.console.dll, ParallelProxyExecutionManager: Start execution. Total sources: 1
TpTrace Verbose: 0 : 23812, 1, 2023/08/26, 13:12:41.597, 9565506454256, vstest.console.dll, TestRequestSender is acting as server.
TpTrace Verbose: 0 : 23812, 1, 2023/08/26, 13:12:41.599, 9565506465579, vstest.console.dll, ParallelOperationManager.RunWorkInParallel: Started work on a host.
TpTrace Verbose: 0 : 23812, 1, 2023/08/26, 13:12:41.599, 9565506472193, vstest.console.dll, ProxyParallelExecutionManager: No sources available for execution.
TpTrace Information: 0 : 23812, 1, 2023/08/26, 13:12:41.599, 9565506472691, vstest.console.dll, TestRunRequest.ExecuteAsync: Started.
TpTrace Verbose: 0 : 23812, 5, 2023/08/26, 13:12:41.599, 9565506474394, vstest.console.dll, DataCollectionRequestSender.InitializeCommunication : Initialize communication. 
TpTrace Verbose: 0 : 23812, 1, 2023/08/26, 13:12:41.600, 9565506477532, vstest.console.dll, TestRunRequest.WaitForCompletion: Waiting with timeout -1.
TpTrace Information: 0 : 23812, 5, 2023/08/26, 13:12:41.604, 9565506514700, vstest.console.dll, Listening on Endpoint : 127.0.0.1:58503
TpTrace Verbose: 0 : 23812, 5, 2023/08/26, 13:12:41.607, 9565506546639, vstest.console.dll, DotnetDataCollectionLauncher: Adding  --runtimeconfig "C:\Program Files\dotnet\sdk\8.0.100-preview.7.23376.3\datacollector.runtimeconfig.json" in args
TpTrace Verbose: 0 : 23812, 5, 2023/08/26, 13:12:41.607, 9565506547170, vstest.console.dll, DotnetDataCollectionLauncher: Adding  --depsfile "C:\Program Files\dotnet\sdk\8.0.100-preview.7.23376.3\datacollector.deps.json" in args
TpTrace Verbose: 0 : 23812, 5, 2023/08/26, 13:12:41.607, 9565506547970, vstest.console.dll, DotnetDataCollectionLauncher: Full path of dotnet.exe is C:\Program Files\dotnet\dotnet.exe
TpTrace Information: 0 : 23812, 5, 2023/08/26, 13:12:41.614, 9565506618582, vstest.console.dll, ProxyDataCollectionManager.Initialize: Launched datacollector processId: 31212 port: 58503
TpTrace Information: 0 : 23812, 5, 2023/08/26, 13:12:41.614, 9565506619478, vstest.console.dll, ProxyDataCollectionManager.Initialize: waiting for connection with timeout: 90 seconds
TpTrace Verbose: 0 : 23812, 5, 2023/08/26, 13:12:41.614, 9565506619751, vstest.console.dll, DataCollectionRequestSender.WaitForRequestHandlerConnection : Waiting for connection with timeout: 90000
TpTrace Information: 0 : 23812, 7, 2023/08/26, 13:12:41.722, 9565507699987, vstest.console.dll, Using the buffer size of 16384 bytes
TpTrace Verbose: 0 : 23812, 5, 2023/08/26, 13:12:41.722, 9565507700502, vstest.console.dll, SocketCommunicationManager.WaitForClientConnection took: 108 ms, with 90000 ms timeout, and finished with True.
TpTrace Verbose: 0 : 23812, 5, 2023/08/26, 13:12:41.722, 9565507701465, vstest.console.dll, ProxyDataCollectionManager.InvokeDataCollectionServiceAction: Starting.
TpTrace Information: 0 : 23812, 5, 2023/08/26, 13:12:41.722, 9565507701811, vstest.console.dll, ProxyDataCollectionManager.BeforeTestRunStart: Get environment variable and port for datacollector processId: 31212 port: 58503
TpTrace Information: 0 : 23812, 7, 2023/08/26, 13:12:41.722, 9565507700724, vstest.console.dll, Accepted Client request and set the flag
TpTrace Verbose: 0 : 23812, 5, 2023/08/26, 13:12:41.722, 9565507702326, vstest.console.dll, DataCollectionRequestSender.SendBeforeTestRunStartAndGetResult: Send BeforeTestRunStart message with settingsXml <RunSettings><RunConfiguration><ResultsDirectory>C:\Users\leoga\source\repos\LeetCodePractice\src\lgLeetCodePractice.Tests\bin\Debug\net7.0\fine-code-coverage\coverage-tool-output</ResultsDirectory><TargetPlatform>X64</TargetPlatform><TargetFrameworkVersion>.NETCoreApp,Version=v7.0</TargetFrameworkVersion><DesignMode>False</DesignMode><CollectSourceInformation>False</CollectSourceInformation><TestAdaptersPaths>C:\Program Files\dotnet\sdk\8.0.100-preview.7.23376.3\Extensions</TestAdaptersPaths></RunConfiguration><LoggerRunSettings><Loggers><Logger friendlyName="blame" enabled="True" /><Logger friendlyName="Console" uri="logger://microsoft/TestPlatform/ConsoleLogger/v1" assemblyQualifiedName="Microsoft.VisualStudio.TestPlatform.CommandLine.Internal.ConsoleLogger, vstest.console, Version=15.0.0.0, Culture=neutral, PublicKeyToken=b03f5f7f11d50a3a" codeBase="C:\Program Files\dotnet\sdk\8.0.100-preview.7.23376.3\vstest.console.dll" enabled="True" /></Loggers></LoggerRunSettings><DataCollectionRunSettings><DataCollectors><DataCollector friendlyName="blame" enabled="True"><Configuration><ResultsDirectory>C:\Users\leoga\source\repos\LeetCodePractice\src\lgLeetCodePractice.Tests\bin\Debug\net7.0\fine-code-coverage\coverage-tool-output</ResultsDirectory></Configuration></DataCollector></DataCollectors></DataCollectionRunSettings></RunSettings> and sources System.Collections.Generic.List`1[System.String]: 
TpTrace Verbose: 0 : 23812, 5, 2023/08/26, 13:12:41.749, 9565507968359, vstest.console.dll, DataCollectionRequestSender.SendBeforeTestRunStartAndGetResult: Received message: (DataCollection.SendMessage) -> {"MessageType":"DataCollection.SendMessage","Payload":{"FriendlyName":null,"Uri":null,"TestCaseId":"00000000-0000-0000-0000-000000000000","Message":"Logging DataCollector Diagnostics in file: C:\\Users\\leoga\\source\\repos\\LeetCodePractice\\src\\lgLeetCodePractice.Tests\\bin\\Debug\\net7.0\\fine-code-coverage\\coverage-tool-output\\diagnostics.datacollector.23-08-26_13-12-41_60709_5.log","Level":0}}
TpTrace Verbose: 0 : 23812, 5, 2023/08/26, 13:12:41.795, 9565508425191, vstest.console.dll, DataCollectionRequestSender.SendBeforeTestRunStartAndGetResult: Received message: (DataCollection.BeforeTestRunStartResult) -> {"MessageType":"DataCollection.BeforeTestRunStartResult","Payload":{"EnvironmentVariables":{},"DataCollectionEventsPort":58505}}
TpTrace Information: 0 : 23812, 5, 2023/08/26, 13:12:41.797, 9565508453033, vstest.console.dll, ProxyDataCollectionManager.BeforeTestRunStart: SendBeforeTestRunStartAndGetResult successful, env variable from datacollector:   and testhost port: 58505
TpTrace Information: 0 : 23812, 5, 2023/08/26, 13:12:41.797, 9565508453510, vstest.console.dll, ProxyDataCollectionManager.InvokeDataCollectionServiceAction: Completed.
TpTrace Verbose: 0 : 23812, 5, 2023/08/26, 13:12:41.797, 9565508453972, vstest.console.dll, ProxyExecutionManager: Test host is always Lazy initialize.
TpTrace Verbose: 0 : 23812, 5, 2023/08/26, 13:12:41.798, 9565508464277, vstest.console.dll, TestRequestSender.InitializeCommunication: initialize communication. 
TpTrace Information: 0 : 23812, 5, 2023/08/26, 13:12:41.799, 9565508472360, vstest.console.dll, SocketServer.Start: Listening on endpoint : 127.0.0.1:58506
TpTrace Verbose: 0 : 23812, 5, 2023/08/26, 13:12:41.800, 9565508477247, vstest.console.dll, DotnetTestHostmanager.GetTestHostProcessStartInfo: Platform environment 'X64' target architecture 'X64' framework '.NETCoreApp,Version=v7.0' OS 'Windows'
TpTrace Verbose: 0 : 23812, 5, 2023/08/26, 13:12:41.800, 9565508478518, vstest.console.dll, DotnetTestHostmanager: Adding  --runtimeconfig "C:\Users\leoga\source\repos\LeetCodePractice\src\lgLeetCodePractice.Tests\bin\Debug\net7.0\fine-code-coverage\build-output\lgLeetCodePractice.Tests.runtimeconfig.json" in args
TpTrace Verbose: 0 : 23812, 5, 2023/08/26, 13:12:41.800, 9565508478921, vstest.console.dll, DotnetTestHostmanager: Adding  --depsfile "C:\Users\leoga\source\repos\LeetCodePractice\src\lgLeetCodePractice.Tests\bin\Debug\net7.0\fine-code-coverage\build-output\lgLeetCodePractice.Tests.deps.json" in args
TpTrace Verbose: 0 : 23812, 5, 2023/08/26, 13:12:41.800, 9565508480309, vstest.console.dll, DotnetTestHostmanager.IsWinOnArm: Current PROCESSOR_ARCHITECTURE from environment variable 'AMD64'
TpTrace Verbose: 0 : 23812, 5, 2023/08/26, 13:12:41.800, 9565508480673, vstest.console.dll, DotnetTestHostmanager.IsWinOnArm: Is Windows on ARM 'False'
TpTrace Verbose: 0 : 23812, 5, 2023/08/26, 13:12:41.800, 9565508481086, vstest.console.dll, DotnetTestHostManager: testhost.exe found at path: C:\Users\leoga\source\repos\LeetCodePractice\src\lgLeetCodePractice.Tests\bin\Debug\net7.0\fine-code-coverage\build-output\testhost.exe
TpTrace Verbose: 0 : 23812, 5, 2023/08/26, 13:12:41.800, 9565508481266, vstest.console.dll, DotnetTestHostmanager: Full path of host exe is C:\Users\leoga\source\repos\LeetCodePractice\src\lgLeetCodePractice.Tests\bin\Debug\net7.0\fine-code-coverage\build-output\testhost.exe
TpTrace Verbose: 0 : 23812, 5, 2023/08/26, 13:12:41.800, 9565508481947, vstest.console.dll, DotnetTestHostmanager.LaunchTestHostAsync: Found 'VSTEST_WINAPPHOST_DOTNET_ROOT' in env variables, value 'C:\Program Files\dotnet', forwarding to 'DOTNET_ROOT'
TpTrace Verbose: 0 : 23812, 5, 2023/08/26, 13:12:41.800, 9565508482651, vstest.console.dll, DotnetTestHostManager: Starting process 'C:\Users\leoga\source\repos\LeetCodePractice\src\lgLeetCodePractice.Tests\bin\Debug\net7.0\fine-code-coverage\build-output\testhost.exe' with command line ' --runtimeconfig "C:\Users\leoga\source\repos\LeetCodePractice\src\lgLeetCodePractice.Tests\bin\Debug\net7.0\fine-code-coverage\build-output\lgLeetCodePractice.Tests.runtimeconfig.json" --depsfile "C:\Users\leoga\source\repos\LeetCodePractice\src\lgLeetCodePractice.Tests\bin\Debug\net7.0\fine-code-coverage\build-output\lgLeetCodePractice.Tests.deps.json" --port 58506 --endpoint 127.0.0.1:058506 --role client --parentprocessid 23812 --diag "C:\Users\leoga\source\repos\LeetCodePractice\src\lgLeetCodePractice.Tests\bin\Debug\net7.0\fine-code-coverage\coverage-tool-output\diagnostics.host.23-08-26_13-12-41_80006_5.log" --tracelevel 4 --datacollectionport 58505 --telemetryoptedin false'
TpTrace Verbose: 0 : 23812, 5, 2023/08/26, 13:12:41.805, 9565508532014, vstest.console.dll, MulticastDelegateUtilities.SafeInvoke: HostProviderEvents.OnHostLaunched: Invoking callback 1/2 for Microsoft.VisualStudio.TestPlatform.CrossPlatEngine.Client.ProxyExecutionManagerWithDataCollection., took 0 ms.
TpTrace Verbose: 0 : 23812, 5, 2023/08/26, 13:12:41.805, 9565508533749, vstest.console.dll, Test Runtime launched
TpTrace Verbose: 0 : 23812, 5, 2023/08/26, 13:12:41.805, 9565508534086, vstest.console.dll, MulticastDelegateUtilities.SafeInvoke: HostProviderEvents.OnHostLaunched: Invoking callback 2/2 for Microsoft.VisualStudio.TestPlatform.CrossPlatEngine.Client.ProxyOperationManager., took 0 ms.
TpTrace Verbose: 0 : 23812, 5, 2023/08/26, 13:12:41.806, 9565508534683, vstest.console.dll, TestRequestSender.WaitForRequestHandlerConnection: waiting for connection with timeout: 90000.
TpTrace Verbose: 0 : 23812, 13, 2023/08/26, 13:12:41.911, 9565509586164, vstest.console.dll, MulticastDelegateUtilities.SafeInvoke: SocketServer: ClientConnected: Invoking callback 1/1 for Microsoft.VisualStudio.TestPlatform.CommunicationUtilities.TestRequestSender., took 0 ms.
TpTrace Verbose: 0 : 23812, 5, 2023/08/26, 13:12:41.911, 9565509586549, vstest.console.dll, TestRequestSender.WaitForRequestHandlerConnection: waiting took 105 ms, with timeout 90000 ms, and result 0, which is success.
TpTrace Verbose: 0 : 23812, 13, 2023/08/26, 13:12:41.911, 9565509587319, vstest.console.dll, SocketServer.OnClientConnected: Client connected for endPoint: 127.0.0.1:58506, starting MessageLoopAsync:
TpTrace Verbose: 0 : 23812, 14, 2023/08/26, 13:12:41.911, 9565509591149, vstest.console.dll, TcpClientExtensions.MessageLoopAsync: Polling on remoteEndPoint: 127.0.0.1:58507 localEndPoint: 127.0.0.1:58506
TpTrace Verbose: 0 : 23812, 5, 2023/08/26, 13:12:41.911, 9565509592590, vstest.console.dll, TestRequestSender.CheckVersionWithTestHost: Sending check version message: {"MessageType":"ProtocolVersion","Payload":7}
TpTrace Verbose: 0 : 23812, 14, 2023/08/26, 13:12:41.977, 9565510249169, vstest.console.dll, TcpClientExtensions.MessageLoopAsync: NotifyDataAvailable remoteEndPoint: 127.0.0.1:58507 localEndPoint: 127.0.0.1:58506
TpTrace Verbose: 0 : 23812, 14, 2023/08/26, 13:12:41.977, 9565510250774, vstest.console.dll, TestRequestSender.CheckVersionWithTestHost: onMessageReceived received message: (ProtocolVersion) -> {"MessageType":"ProtocolVersion","Payload":7}
TpTrace Verbose: 0 : 23812, 14, 2023/08/26, 13:12:41.978, 9565510255086, vstest.console.dll, MulticastDelegateUtilities.SafeInvoke: LengthPrefixCommunicationChannel: MessageReceived: Invoking callback 1/1 for Microsoft.VisualStudio.TestPlatform.CommunicationUtilities.TestRequestSender+<>c__DisplayClass29_0., took 0 ms.
TpTrace Verbose: 0 : 23812, 14, 2023/08/26, 13:12:41.978, 9565510255704, vstest.console.dll, TcpClientExtensions.MessageLoopAsync: Polling on remoteEndPoint: 127.0.0.1:58507 localEndPoint: 127.0.0.1:58506
TpTrace Verbose: 0 : 23812, 5, 2023/08/26, 13:12:41.978, 9565510256647, vstest.console.dll, TestPluginCache.GetExtensionPaths: Filtered extension paths: 
TpTrace Verbose: 0 : 23812, 5, 2023/08/26, 13:12:41.978, 9565510257246, vstest.console.dll, TestPluginCache.GetExtensionPaths: Added default extension paths: C:\Program Files\dotnet\sdk\8.0.100-preview.7.23376.3\Extensions\Microsoft.Diagnostics.NETCore.Client.dll
C:\Program Files\dotnet\sdk\8.0.100-preview.7.23376.3\Extensions\Microsoft.TestPlatform.Extensions.BlameDataCollector.dll
C:\Program Files\dotnet\sdk\8.0.100-preview.7.23376.3\Extensions\Microsoft.TestPlatform.Extensions.EventLogCollector.dll
C:\Program Files\dotnet\sdk\8.0.100-preview.7.23376.3\Extensions\Microsoft.TestPlatform.TestHostRuntimeProvider.dll
C:\Program Files\dotnet\sdk\8.0.100-preview.7.23376.3\Extensions\Microsoft.VisualStudio.TestPlatform.Extensions.Html.TestLogger.dll
C:\Program Files\dotnet\sdk\8.0.100-preview.7.23376.3\Extensions\Microsoft.VisualStudio.TestPlatform.Extensions.Trx.TestLogger.dll
TpTrace Verbose: 0 : 23812, 5, 2023/08/26, 13:12:41.978, 9565510258027, vstest.console.dll, TestPluginCache.GetExtensionPaths: Added unfilterableExtensionPaths: 
TpTrace Verbose: 0 : 23812, 5, 2023/08/26, 13:12:41.980, 9565510275083, vstest.console.dll, TestRequestSender.InitializeExecution: Sending initialize execution with message: {"Version":7,"MessageType":"TestExecution.Initialize","Payload":["C:\\Users\\leoga\\source\\repos\\LeetCodePractice\\src\\lgLeetCodePractice.Tests\\bin\\Debug\\net7.0\\fine-code-coverage\\build-output\\xunit.runner.visualstudio.dotnetcore.testadapter.dll"]}
TpTrace Verbose: 0 : 23812, 5, 2023/08/26, 13:12:41.980, 9565510276156, vstest.console.dll, ParallelProxyExecutionManager: Execution started. Started clients: 1
TpTrace Verbose: 0 : 23812, 5, 2023/08/26, 13:12:41.980, 9565510277609, vstest.console.dll, TestRunRequest:SendTestRunMessage: Starting.
TpTrace Verbose: 0 : 23812, 5, 2023/08/26, 13:12:41.980, 9565510278470, vstest.console.dll, MulticastDelegateUtilities.SafeInvoke: TestRun.LogMessages: Invoking callback 1/1 for Microsoft.VisualStudio.TestPlatform.CommandLine.TestRunResultAggregator., took 0 ms.
TpTrace Information: 0 : 23812, 5, 2023/08/26, 13:12:41.980, 9565510278679, vstest.console.dll, TestRunRequest:SendTestRunMessage: Completed.
TpTrace Verbose: 0 : 23812, 4, 2023/08/26, 13:12:41.980, 9565510280088, vstest.console.dll, MulticastDelegateUtilities.SafeInvoke: InternalTestLoggerEvents.SendTestRunMessage: Invoking callback 1/1 for Microsoft.VisualStudio.TestPlatform.CommandLine.Internal.ConsoleLogger., took 0 ms.
TpTrace Warning: 0 : 23812, 5, 2023/08/26, 13:12:41.980, 9565510280922, vstest.console.dll, InferRunSettingsHelper.MakeRunsettingsCompatible: Removing the following settings: TargetPlatform from RunSettings file. To use those settings please move to latest version of Microsoft.NET.Test.Sdk
TpTrace Verbose: 0 : 23812, 14, 2023/08/26, 13:12:41.980, 9565510282344, vstest.console.dll, TcpClientExtensions.MessageLoopAsync: NotifyDataAvailable remoteEndPoint: 127.0.0.1:58507 localEndPoint: 127.0.0.1:58506
TpTrace Verbose: 0 : 23812, 14, 2023/08/26, 13:12:41.980, 9565510282640, vstest.console.dll, LengthPrefixCommunicationChannel.NotifyDataAvailable: New data are waiting to be received, but there is no subscriber to be notified. Not reading them from the stream.
TpTrace Verbose: 0 : 23812, 14, 2023/08/26, 13:12:41.980, 9565510282787, vstest.console.dll, TcpClientExtensions.MessageLoopAsync: Polling on remoteEndPoint: 127.0.0.1:58507 localEndPoint: 127.0.0.1:58506
TpTrace Verbose: 0 : 23812, 14, 2023/08/26, 13:12:41.980, 9565510282968, vstest.console.dll, TcpClientExtensions.MessageLoopAsync: NotifyDataAvailable remoteEndPoint: 127.0.0.1:58507 localEndPoint: 127.0.0.1:58506
TpTrace Verbose: 0 : 23812, 14, 2023/08/26, 13:12:41.980, 9565510284317, vstest.console.dll, TestRequestSender.OnExecutionMessageReceived: Received message: {"Version":7,"MessageType":"TestSession.Message","Payload":{"MessageLevel":0,"Message":"Logging TestHost Diagnostics in file: C:\\Users\\leoga\\source\\repos\\LeetCodePractice\\src\\lgLeetCodePractice.Tests\\bin\\Debug\\net7.0\\fine-code-coverage\\coverage-tool-output\\diagnostics.host.23-08-26_13-12-41_80006_5.log"}}
TpTrace Verbose: 0 : 23812, 14, 2023/08/26, 13:12:41.982, 9565510297834, vstest.console.dll, TestRunRequest:SendTestRunMessage: Starting.
TpTrace Verbose: 0 : 23812, 14, 2023/08/26, 13:12:41.982, 9565510298449, vstest.console.dll, MulticastDelegateUtilities.SafeInvoke: TestRun.LogMessages: Invoking callback 1/1 for Microsoft.VisualStudio.TestPlatform.CommandLine.TestRunResultAggregator., took 0 ms.
TpTrace Information: 0 : 23812, 14, 2023/08/26, 13:12:41.982, 9565510298647, vstest.console.dll, TestRunRequest:SendTestRunMessage: Completed.
TpTrace Verbose: 0 : 23812, 14, 2023/08/26, 13:12:41.982, 9565510298836, vstest.console.dll, MulticastDelegateUtilities.SafeInvoke: LengthPrefixCommunicationChannel: MessageReceived: Invoking callback 1/1 for Microsoft.VisualStudio.TestPlatform.CommunicationUtilities.TestRequestSender+<>c__DisplayClass34_0., took 1 ms.
TpTrace Verbose: 0 : 23812, 14, 2023/08/26, 13:12:41.982, 9565510299050, vstest.console.dll, TcpClientExtensions.MessageLoopAsync: Polling on remoteEndPoint: 127.0.0.1:58507 localEndPoint: 127.0.0.1:58506
TpTrace Verbose: 0 : 23812, 4, 2023/08/26, 13:12:41.982, 9565510299483, vstest.console.dll, MulticastDelegateUtilities.SafeInvoke: InternalTestLoggerEvents.SendTestRunMessage: Invoking callback 1/1 for Microsoft.VisualStudio.TestPlatform.CommandLine.Internal.ConsoleLogger., took 0 ms.
TpTrace Verbose: 0 : 23812, 5, 2023/08/26, 13:12:41.984, 9565510314944, vstest.console.dll, TestRequestSender.StartTestRun: Sending test run with message: {"Version":7,"MessageType":"TestExecution.StartWithSources","Payload":{"AdapterSourceMap":{"_none_":["C:\\Users\\leoga\\source\\repos\\LeetCodePractice\\src\\lgLeetCodePractice.Tests\\bin\\Debug\\net7.0\\fine-code-coverage\\build-output\\lgLeetCodePractice.Tests.dll"]},"RunSettings":"<RunSettings>\r\n  <RunConfiguration>\r\n    <ResultsDirectory>C:\\Users\\leoga\\source\\repos\\LeetCodePractice\\src\\lgLeetCodePractice.Tests\\bin\\Debug\\net7.0\\fine-code-coverage\\coverage-tool-output</ResultsDirectory>\r\n    <TargetFrameworkVersion>.NETCoreApp,Version=v7.0</TargetFrameworkVersion>\r\n    <DesignMode>False</DesignMode>\r\n    <CollectSourceInformation>False</CollectSourceInformation>\r\n  </RunConfiguration>\r\n  <LoggerRunSettings>\r\n    <Loggers>\r\n      <Logger friendlyName=\"blame\" enabled=\"True\" />\r\n      <Logger friendlyName=\"Console\" uri=\"logger://microsoft/TestPlatform/ConsoleLogger/v1\" assemblyQualifiedName=\"Microsoft.VisualStudio.TestPlatform.CommandLine.Internal.ConsoleLogger, vstest.console, Version=15.0.0.0, Culture=neutral, PublicKeyToken=b03f5f7f11d50a3a\" codeBase=\"C:\\Program Files\\dotnet\\sdk\\8.0.100-preview.7.23376.3\\vstest.console.dll\" enabled=\"True\" />\r\n    </Loggers>\r\n  </LoggerRunSettings>\r\n  <DataCollectionRunSettings>\r\n    <DataCollectors>\r\n      <DataCollector friendlyName=\"blame\" enabled=\"True\">\r\n        <Configuration>\r\n          <ResultsDirectory>C:\\Users\\leoga\\source\\repos\\LeetCodePractice\\src\\lgLeetCodePractice.Tests\\bin\\Debug\\net7.0\\fine-code-coverage\\coverage-tool-output</ResultsDirectory>\r\n        </Configuration>\r\n      </DataCollector>\r\n    </DataCollectors>\r\n  </DataCollectionRunSettings>\r\n</RunSettings>","TestExecutionContext":{"FrequencyOfRunStatsChangeEvent":10,"RunStatsChangeEventTimeout":"00:00:01.5000000","InIsolation":false,"KeepAlive":false,"AreTestCaseLevelEventsRequired":false,"IsDebug":false,"TestCaseFilter":null,"FilterOptions":null},"Package":null}}
TpTrace Verbose: 0 : 23812, 14, 2023/08/26, 13:12:42.055, 9565511030607, vstest.console.dll, TcpClientExtensions.MessageLoopAsync: NotifyDataAvailable remoteEndPoint: 127.0.0.1:58507 localEndPoint: 127.0.0.1:58506
TpTrace Verbose: 0 : 23812, 14, 2023/08/26, 13:12:42.055, 9565511031833, vstest.console.dll, TestRequestSender.OnExecutionMessageReceived: Received message: {"Version":7,"MessageType":"TestSession.Message","Payload":{"MessageLevel":0,"Message":"[xUnit.net 00:00:00.00] xUnit.net VSTest Adapter v2.5.0.1+5ebf84cd75 (64-bit .NET 7.0.10)"}}
TpTrace Verbose: 0 : 23812, 14, 2023/08/26, 13:12:42.055, 9565511033040, vstest.console.dll, TestRunRequest:SendTestRunMessage: Starting.
TpTrace Verbose: 0 : 23812, 14, 2023/08/26, 13:12:42.055, 9565511033387, vstest.console.dll, MulticastDelegateUtilities.SafeInvoke: TestRun.LogMessages: Invoking callback 1/1 for Microsoft.VisualStudio.TestPlatform.CommandLine.TestRunResultAggregator., took 0 ms.
TpTrace Information: 0 : 23812, 14, 2023/08/26, 13:12:42.055, 9565511033556, vstest.console.dll, TestRunRequest:SendTestRunMessage: Completed.
TpTrace Verbose: 0 : 23812, 14, 2023/08/26, 13:12:42.055, 9565511033701, vstest.console.dll, MulticastDelegateUtilities.SafeInvoke: LengthPrefixCommunicationChannel: MessageReceived: Invoking callback 1/1 for Microsoft.VisualStudio.TestPlatform.CommunicationUtilities.TestRequestSender+<>c__DisplayClass34_0., took 0 ms.
TpTrace Verbose: 0 : 23812, 14, 2023/08/26, 13:12:42.055, 9565511033915, vstest.console.dll, TcpClientExtensions.MessageLoopAsync: Polling on remoteEndPoint: 127.0.0.1:58507 localEndPoint: 127.0.0.1:58506
TpTrace Verbose: 0 : 23812, 4, 2023/08/26, 13:12:42.056, 9565511034613, vstest.console.dll, MulticastDelegateUtilities.SafeInvoke: InternalTestLoggerEvents.SendTestRunMessage: Invoking callback 1/1 for Microsoft.VisualStudio.TestPlatform.CommandLine.Internal.ConsoleLogger., took 0 ms.
TpTrace Verbose: 0 : 23812, 14, 2023/08/26, 13:12:42.095, 9565511425532, vstest.console.dll, TcpClientExtensions.MessageLoopAsync: NotifyDataAvailable remoteEndPoint: 127.0.0.1:58507 localEndPoint: 127.0.0.1:58506
TpTrace Verbose: 0 : 23812, 14, 2023/08/26, 13:12:42.095, 9565511426795, vstest.console.dll, TestRequestSender.OnExecutionMessageReceived: Received message: {"Version":7,"MessageType":"TestSession.Message","Payload":{"MessageLevel":0,"Message":"[xUnit.net 00:00:00.04]   Discovering: lgLeetCodePractice.Tests"}}
TpTrace Verbose: 0 : 23812, 14, 2023/08/26, 13:12:42.095, 9565511427647, vstest.console.dll, TestRunRequest:SendTestRunMessage: Starting.
TpTrace Verbose: 0 : 23812, 14, 2023/08/26, 13:12:42.095, 9565511427971, vstest.console.dll, MulticastDelegateUtilities.SafeInvoke: TestRun.LogMessages: Invoking callback 1/1 for Microsoft.VisualStudio.TestPlatform.CommandLine.TestRunResultAggregator., took 0 ms.
TpTrace Information: 0 : 23812, 14, 2023/08/26, 13:12:42.095, 9565511428131, vstest.console.dll, TestRunRequest:SendTestRunMessage: Completed.
TpTrace Verbose: 0 : 23812, 14, 2023/08/26, 13:12:42.095, 9565511428354, vstest.console.dll, MulticastDelegateUtilities.SafeInvoke: LengthPrefixCommunicationChannel: MessageReceived: Invoking callback 1/1 for Microsoft.VisualStudio.TestPlatform.CommunicationUtilities.TestRequestSender+<>c__DisplayClass34_0., took 0 ms.
TpTrace Verbose: 0 : 23812, 14, 2023/08/26, 13:12:42.095, 9565511428519, vstest.console.dll, TcpClientExtensions.MessageLoopAsync: Polling on remoteEndPoint: 127.0.0.1:58507 localEndPoint: 127.0.0.1:58506
TpTrace Verbose: 0 : 23812, 4, 2023/08/26, 13:12:42.095, 9565511428882, vstest.console.dll, MulticastDelegateUtilities.SafeInvoke: InternalTestLoggerEvents.SendTestRunMessage: Invoking callback 1/1 for Microsoft.VisualStudio.TestPlatform.CommandLine.Internal.ConsoleLogger., took 0 ms.
TpTrace Verbose: 0 : 23812, 14, 2023/08/26, 13:12:42.123, 9565511713415, vstest.console.dll, TcpClientExtensions.MessageLoopAsync: NotifyDataAvailable remoteEndPoint: 127.0.0.1:58507 localEndPoint: 127.0.0.1:58506
TpTrace Verbose: 0 : 23812, 14, 2023/08/26, 13:12:42.124, 9565511714774, vstest.console.dll, TestRequestSender.OnExecutionMessageReceived: Received message: {"Version":7,"MessageType":"TestSession.Message","Payload":{"MessageLevel":0,"Message":"[xUnit.net 00:00:00.07]   Discovered:  lgLeetCodePractice.Tests"}}
TpTrace Verbose: 0 : 23812, 14, 2023/08/26, 13:12:42.124, 9565511715723, vstest.console.dll, TestRunRequest:SendTestRunMessage: Starting.
TpTrace Verbose: 0 : 23812, 14, 2023/08/26, 13:12:42.124, 9565511716155, vstest.console.dll, MulticastDelegateUtilities.SafeInvoke: TestRun.LogMessages: Invoking callback 1/1 for Microsoft.VisualStudio.TestPlatform.CommandLine.TestRunResultAggregator., took 0 ms.
TpTrace Information: 0 : 23812, 14, 2023/08/26, 13:12:42.124, 9565511716377, vstest.console.dll, TestRunRequest:SendTestRunMessage: Completed.
TpTrace Verbose: 0 : 23812, 14, 2023/08/26, 13:12:42.124, 9565511716607, vstest.console.dll, MulticastDelegateUtilities.SafeInvoke: LengthPrefixCommunicationChannel: MessageReceived: Invoking callback 1/1 for Microsoft.VisualStudio.TestPlatform.CommunicationUtilities.TestRequestSender+<>c__DisplayClass34_0., took 0 ms.
TpTrace Verbose: 0 : 23812, 14, 2023/08/26, 13:12:42.124, 9565511716821, vstest.console.dll, TcpClientExtensions.MessageLoopAsync: Polling on remoteEndPoint: 127.0.0.1:58507 localEndPoint: 127.0.0.1:58506
TpTrace Verbose: 0 : 23812, 4, 2023/08/26, 13:12:42.124, 9565511716911, vstest.console.dll, MulticastDelegateUtilities.SafeInvoke: InternalTestLoggerEvents.SendTestRunMessage: Invoking callback 1/1 for Microsoft.VisualStudio.TestPlatform.CommandLine.Internal.ConsoleLogger., took 0 ms.
TpTrace Verbose: 0 : 23812, 14, 2023/08/26, 13:12:42.125, 9565511730500, vstest.console.dll, TcpClientExtensions.MessageLoopAsync: NotifyDataAvailable remoteEndPoint: 127.0.0.1:58507 localEndPoint: 127.0.0.1:58506
TpTrace Verbose: 0 : 23812, 14, 2023/08/26, 13:12:42.125, 9565511731145, vstest.console.dll, TestRequestSender.OnExecutionMessageReceived: Received message: {"Version":7,"MessageType":"TestSession.Message","Payload":{"MessageLevel":0,"Message":"[xUnit.net 00:00:00.07]   Starting:    lgLeetCodePractice.Tests"}}
TpTrace Verbose: 0 : 23812, 14, 2023/08/26, 13:12:42.125, 9565511731673, vstest.console.dll, TestRunRequest:SendTestRunMessage: Starting.
TpTrace Verbose: 0 : 23812, 14, 2023/08/26, 13:12:42.125, 9565511731976, vstest.console.dll, MulticastDelegateUtilities.SafeInvoke: TestRun.LogMessages: Invoking callback 1/1 for Microsoft.VisualStudio.TestPlatform.CommandLine.TestRunResultAggregator., took 0 ms.
TpTrace Information: 0 : 23812, 14, 2023/08/26, 13:12:42.125, 9565511732229, vstest.console.dll, TestRunRequest:SendTestRunMessage: Completed.
TpTrace Verbose: 0 : 23812, 14, 2023/08/26, 13:12:42.125, 9565511732415, vstest.console.dll, MulticastDelegateUtilities.SafeInvoke: LengthPrefixCommunicationChannel: MessageReceived: Invoking callback 1/1 for Microsoft.VisualStudio.TestPlatform.CommunicationUtilities.TestRequestSender+<>c__DisplayClass34_0., took 0 ms.
TpTrace Verbose: 0 : 23812, 14, 2023/08/26, 13:12:42.125, 9565511732614, vstest.console.dll, TcpClientExtensions.MessageLoopAsync: Polling on remoteEndPoint: 127.0.0.1:58507 localEndPoint: 127.0.0.1:58506
TpTrace Verbose: 0 : 23812, 4, 2023/08/26, 13:12:42.125, 9565511733105, vstest.console.dll, MulticastDelegateUtilities.SafeInvoke: InternalTestLoggerEvents.SendTestRunMessage: Invoking callback 1/1 for Microsoft.VisualStudio.TestPlatform.CommandLine.Internal.ConsoleLogger., took 0 ms.
TpTrace Verbose: 0 : 23812, 14, 2023/08/26, 13:12:42.217, 9565512650932, vstest.console.dll, TcpClientExtensions.MessageLoopAsync: NotifyDataAvailable remoteEndPoint: 127.0.0.1:58507 localEndPoint: 127.0.0.1:58506
TpTrace Verbose: 0 : 23812, 14, 2023/08/26, 13:12:42.217, 9565512652329, vstest.console.dll, TestRequestSender.OnExecutionMessageReceived: Received message: {"Version":7,"MessageType":"TestSession.Message","Payload":{"MessageLevel":0,"Message":"[xUnit.net 00:00:00.16]   Finished:    lgLeetCodePractice.Tests"}}
TpTrace Verbose: 0 : 23812, 14, 2023/08/26, 13:12:42.217, 9565512653329, vstest.console.dll, TestRunRequest:SendTestRunMessage: Starting.
TpTrace Verbose: 0 : 23812, 14, 2023/08/26, 13:12:42.217, 9565512653730, vstest.console.dll, MulticastDelegateUtilities.SafeInvoke: TestRun.LogMessages: Invoking callback 1/1 for Microsoft.VisualStudio.TestPlatform.CommandLine.TestRunResultAggregator., took 0 ms.
TpTrace Information: 0 : 23812, 14, 2023/08/26, 13:12:42.217, 9565512653912, vstest.console.dll, TestRunRequest:SendTestRunMessage: Completed.
TpTrace Verbose: 0 : 23812, 14, 2023/08/26, 13:12:42.217, 9565512654082, vstest.console.dll, MulticastDelegateUtilities.SafeInvoke: LengthPrefixCommunicationChannel: MessageReceived: Invoking callback 1/1 for Microsoft.VisualStudio.TestPlatform.CommunicationUtilities.TestRequestSender+<>c__DisplayClass34_0., took 0 ms.
TpTrace Verbose: 0 : 23812, 14, 2023/08/26, 13:12:42.218, 9565512654474, vstest.console.dll, TcpClientExtensions.MessageLoopAsync: Polling on remoteEndPoint: 127.0.0.1:58507 localEndPoint: 127.0.0.1:58506
TpTrace Verbose: 0 : 23812, 4, 2023/08/26, 13:12:42.218, 9565512654582, vstest.console.dll, MulticastDelegateUtilities.SafeInvoke: InternalTestLoggerEvents.SendTestRunMessage: Invoking callback 1/1 for Microsoft.VisualStudio.TestPlatform.CommandLine.Internal.ConsoleLogger., took 0 ms.
TpTrace Verbose: 0 : 23812, 14, 2023/08/26, 13:12:42.240, 9565512877606, vstest.console.dll, TcpClientExtensions.MessageLoopAsync: NotifyDataAvailable remoteEndPoint: 127.0.0.1:58507 localEndPoint: 127.0.0.1:58506
TpTrace Verbose: 0 : 23812, 14, 2023/08/26, 13:12:42.240, 9565512880646, vstest.console.dll, TestRequestSender.OnExecutionMessageReceived: Received message: {"Version":7,"MessageType":"TestExecution.Completed","Payload":{"TestRunCompleteArgs":{"TestRunStatistics":{"ExecutedTests":4,"Stats":{"Passed":4}},"IsCanceled":false,"IsAborted":false,"Error":null,"AttachmentSets":[],"InvokedDataCollectors":[],"ElapsedTimeInRunningTests":"00:00:00.1691069","Metrics":{},"DiscoveredExtensions":{"TestDiscoverers":["Xunit.Runner.VisualStudio.VsTestRunner, xunit.runner.visualstudio.dotnetcore.testadapter, Version=2.5.0.0, Culture=neutral, PublicKeyToken=8d05b1bb7a6fdb6c"],"TestExecutors":["executor://xunit/VsTestRunner2/netcoreapp"],"TestExecutors2":[],"TestSettingsProviders":[]}},"LastRunTests":{"NewTestResults":[{"TestCase":{"Id":"6a614d81-96ed-a0fd-5728-6d7e5da04d17","FullyQualifiedName":"lgLeetCodePractice.Tests.TwoSumSolverTests.TwoSumResults","DisplayName":"lgLeetCodePractice.Tests.TwoSumSolverTests.TwoSumResults(nums: [3, 1, 3], target: 6, expected: [0, 2])","ExecutorUri":"executor://xunit/VsTestRunner2/netcoreapp","Source":"C:\\Users\\leoga\\source\\repos\\LeetCodePractice\\src\\lgLeetCodePractice.Tests\\bin\\Debug\\net7.0\\fine-code-coverage\\build-output\\lgLeetCodePractice.Tests.dll","CodeFilePath":null,"LineNumber":0,"Properties":[]},"Attachments":[],"Outcome":1,"ErrorMessage":null,"ErrorStackTrace":null,"DisplayName":"lgLeetCodePractice.Tests.TwoSumSolverTests.TwoSumResults(nums: [3, 1, 3], target: 6, expected: [0, 2])","Messages":[],"ComputerName":"GAMEZ","Duration":"00:00:00.0237393","StartTime":"2023-08-26T19:12:42.1791433+00:00","EndTime":"2023-08-26T19:12:42.1791553+00:00","Properties":[]},{"TestCase":{"Id":"74af005d-455c-fbc0-03ce-ff3996ddd922","FullyQualifiedName":"lgLeetCodePractice.Tests.TwoSumSolverTests.TwoSumResults","DisplayName":"lgLeetCodePractice.Tests.TwoSumSolverTests.TwoSumResults(nums: [15, 7, 2, 11], target: 9, expected: [1, 2])","ExecutorUri":"executor://xunit/VsTestRunner2/netcoreapp","Source":"C:\\Users\\leoga\\source\\repos\\LeetCodePractice\\src\\lgLeetCodePractice.Tests\\bin\\Debug\\net7.0\\fine-code-coverage\\build-output\\lgLeetCodePractice.Tests.dll","CodeFilePath":null,"LineNumber":0,"Properties":[]},"Attachments":[],"Outcome":1,"ErrorMessage":null,"ErrorStackTrace":null,"DisplayName":"lgLeetCodePractice.Tests.TwoSumSolverTests.TwoSumResults(nums: [15, 7, 2, 11], target: 9, expected: [1, 2])","Messages":[],"ComputerName":"GAMEZ","Duration":"00:00:00.0332768","StartTime":"2023-08-26T19:12:42.2118766+00:00","EndTime":"2023-08-26T19:12:42.2118769+00:00","Properties":[]},{"TestCase":{"Id":"f0b4a650-b4f1-f4e8-2381-a6cb36ff8f89","FullyQualifiedName":"lgLeetCodePractice.Tests.TwoSumSolverTests.TwoSumResults","DisplayName":"lgLeetCodePractice.Tests.TwoSumSolverTests.TwoSumResults(nums: [3, -1, 2], target: 1, expected: [1, 2])","ExecutorUri":"executor://xunit/VsTestRunner2/netcoreapp","Source":"C:\\Users\\leoga\\source\\repos\\LeetCodePractice\\src\\lgLeetCodePractice.Tests\\bin\\Debug\\net7.0\\fine-code-coverage\\build-output\\lgLeetCodePractice.Tests.dll","CodeFilePath":null,"LineNumber":0,"Properties":[]},"Attachments":[],"Outcome":1,"ErrorMessage":null,"ErrorStackTrace":null,"DisplayName":"lgLeetCodePractice.Tests.TwoSumSolverTests.TwoSumResults(nums: [3, -1, 2], target: 1, expected: [1, 2])","Messages":[],"ComputerName":"GAMEZ","Duration":"00:00:00.0001065","StartTime":"2023-08-26T19:12:42.2146962+00:00","EndTime":"2023-08-26T19:12:42.2146964+00:00","Properties":[]},{"TestCase":{"Id":"2b319b30-bb1c-cbec-b5ea-5b45630f1b60","FullyQualifiedName":"lgLeetCodePractice.Tests.TwoSumSolverTests.TwoSumResults","DisplayName":"lgLeetCodePractice.Tests.TwoSumSolverTests.TwoSumResults(nums: [3, 2, 4], target: 6, expected: [1, 2])","ExecutorUri":"executor://xunit/VsTestRunner2/netcoreapp","Source":"C:\\Users\\leoga\\source\\repos\\LeetCodePractice\\src\\lgLeetCodePractice.Tests\\bin\\Debug\\net7.0\\fine-code-coverage\\build-output\\lgLeetCodePractice.Tests.dll","CodeFilePath":null,"LineNumber":0,"Properties":[]},"Attachments":[],"Outcome":1,"ErrorMessage":null,"ErrorStackTrace":null,"DisplayName":"lgLeetCodePractice.Tests.TwoSumSolverTests.TwoSumResults(nums: [3, 2, 4], target: 6, expected: [1, 2])","Messages":[],"ComputerName":"GAMEZ","Duration":"00:00:00.0000486","StartTime":"2023-08-26T19:12:42.2161235+00:00","EndTime":"2023-08-26T19:12:42.2161235+00:00","Properties":[]}],"TestRunStatistics":{"ExecutedTests":4,"Stats":{"Passed":4}},"ActiveTests":[]},"RunAttachments":[],"ExecutorUris":["executor://xunit/VsTestRunner2/netcoreapp"]}}
TpTrace Verbose: 0 : 23812, 14, 2023/08/26, 13:12:42.240, 9565512881598, vstest.console.dll, TestRequestSender.EndSession: Sending end session.
TpTrace Verbose: 0 : 23812, 14, 2023/08/26, 13:12:42.240, 9565512882592, vstest.console.dll, ProxyOperationManager.Close: waiting for test host to exit for 100 ms
TpTrace Verbose: 0 : 23812, 12, 2023/08/26, 13:12:42.247, 9565512952818, vstest.console.dll, TestHostManagerCallbacks.ctor: Experimental forwarding output is disabled.
TpTrace Warning: 0 : 23812, 12, 2023/08/26, 13:12:42.247, 9565512953637, vstest.console.dll, TestHostManagerCallbacks.ErrorReceivedCallback Test host standard error line: 
TpTrace Verbose: 0 : 23812, 12, 2023/08/26, 13:12:42.254, 9565513022282, vstest.console.dll, TestHostProvider.ExitCallBack: Host exited starting callback.
TpTrace Information: 0 : 23812, 12, 2023/08/26, 13:12:42.254, 9565513023157, vstest.console.dll, TestHostManagerCallbacks.ExitCallBack: Testhost processId: 38028 exited with exitcode: 0 error: ''
TpTrace Verbose: 0 : 23812, 12, 2023/08/26, 13:12:42.254, 9565513023327, vstest.console.dll, DotnetTestHostManager.OnHostExited: invoking OnHostExited callback
TpTrace Verbose: 0 : 23812, 12, 2023/08/26, 13:12:42.254, 9565513023611, vstest.console.dll, CrossPlatEngine.TestHostManagerHostExited: calling on client process exit callback.
TpTrace Information: 0 : 23812, 12, 2023/08/26, 13:12:42.254, 9565513023898, vstest.console.dll, TestRequestSender.OnClientProcessExit: Test host process exited. Standard error: 
TpTrace Information: 0 : 23812, 12, 2023/08/26, 13:12:42.254, 9565513024106, vstest.console.dll, SocketServer.Stop: Stop server endPoint: 127.0.0.1:58506
TpTrace Information: 0 : 23812, 12, 2023/08/26, 13:12:42.254, 9565513024206, vstest.console.dll, SocketServer.Stop: Cancellation requested. Stopping message loop.
TpTrace Information: 0 : 23812, 14, 2023/08/26, 13:12:42.255, 9565513024592, vstest.console.dll, SocketServer.Stop: Stop server endPoint: 127.0.0.1:58506
TpTrace Information: 0 : 23812, 14, 2023/08/26, 13:12:42.255, 9565513025704, vstest.console.dll, SocketServer.Stop: Cancellation requested. Stopping message loop.
TpTrace Information: 0 : 23812, 14, 2023/08/26, 13:12:42.255, 9565513026604, vstest.console.dll, Closing the connection
TpTrace Verbose: 0 : 23812, 12, 2023/08/26, 13:12:42.255, 9565513024764, vstest.console.dll, MulticastDelegateUtilities.SafeInvoke: HostProviderEvents.OnHostExited: Invoking callback 1/1 for Microsoft.VisualStudio.TestPlatform.CrossPlatEngine.Client.ProxyOperationManager., took 0 ms.
TpTrace Verbose: 0 : 23812, 14, 2023/08/26, 13:12:42.255, 9565513028691, vstest.console.dll, ProxyDataCollectionManager.InvokeDataCollectionServiceAction: Starting.
TpTrace Information: 0 : 23812, 14, 2023/08/26, 13:12:42.255, 9565513028937, vstest.console.dll, ProxyDataCollectionManager.AfterTestRunEnd: Get attachment set and invoked data collectors processId: 31212 port: 58503
TpTrace Verbose: 0 : 23812, 14, 2023/08/26, 13:12:42.255, 9565513029179, vstest.console.dll, DataCollectionRequestSender.SendAfterTestRunStartAndGetResult: Send AfterTestRunEnd message with isCancelled: False
TpTrace Verbose: 0 : 23812, 14, 2023/08/26, 13:12:42.260, 9565513075652, vstest.console.dll, DataCollectionRequestSender.SendAfterTestRunStartAndGetResult: Received message: (DataCollection.AfterTestRunEndResult) -> {"MessageType":"DataCollection.AfterTestRunEndResult","Payload":{"AttachmentSets":[],"InvokedDataCollectors":[{"Uri":"datacollector://Microsoft/TestPlatform/Extensions/Blame/v1","FriendlyName":"Blame","AssemblyQualifiedName":"Microsoft.TestPlatform.Extensions.BlameDataCollector.BlameCollector, Microsoft.TestPlatform.Extensions.BlameDataCollector, Version=15.0.0.0, Culture=neutral, PublicKeyToken=b03f5f7f11d50a3a","FilePath":"C:\\Program Files\\dotnet\\sdk\\8.0.100-preview.7.23376.3\\Extensions\\Microsoft.TestPlatform.Extensions.BlameDataCollector.dll","HasAttachmentProcessor":false}],"Metrics":{}}}
TpTrace Warning: 0 : 23812, 11, 2023/08/26, 13:12:42.263, 9565513108592, vstest.console.dll, DataCollectionLauncher.ErrorReceivedCallback datacollector standard error line: 
TpTrace Information: 0 : 23812, 14, 2023/08/26, 13:12:42.264, 9565513116123, vstest.console.dll, ProxyDataCollectionManager.InvokeDataCollectionServiceAction: Completed.
TpTrace Information: 0 : 23812, 11, 2023/08/26, 13:12:42.268, 9565513157122, vstest.console.dll, DataCollectionLauncher.ExitCallBack: Data collector exited with exitcode: 0 error: ''
TpTrace Verbose: 0 : 23812, 14, 2023/08/26, 13:12:42.296, 9565513435219, vstest.console.dll, TestRunRequest:SendTestRunStatsChange: Starting.
TpTrace Verbose: 0 : 23812, 14, 2023/08/26, 13:12:42.296, 9565513436619, vstest.console.dll, MulticastDelegateUtilities.SafeInvoke: TestRun.RunStatsChanged: Invoking callbacks was skipped because there are no subscribers.
TpTrace Information: 0 : 23812, 14, 2023/08/26, 13:12:42.296, 9565513436850, vstest.console.dll, TestRunRequest:SendTestRunStatsChange: Completed.
TpTrace Verbose: 0 : 23812, 14, 2023/08/26, 13:12:42.296, 9565513438220, vstest.console.dll, ParallelProxyExecutionManager: HandlePartialRunComplete: Total completed clients = 1, Run complete = True, Run canceled: False.
TpTrace Verbose: 0 : 23812, 4, 2023/08/26, 13:12:42.297, 9565513446121, vstest.console.dll, MulticastDelegateUtilities.SafeInvoke: InternalTestLoggerEvents.SendTestResult: Invoking callback 1/1 for Microsoft.VisualStudio.TestPlatform.CommandLine.Internal.ConsoleLogger., took 0 ms.
TpTrace Verbose: 0 : 23812, 4, 2023/08/26, 13:12:42.297, 9565513448270, vstest.console.dll, MulticastDelegateUtilities.SafeInvoke: InternalTestLoggerEvents.SendTestResult: Invoking callback 1/1 for Microsoft.VisualStudio.TestPlatform.CommandLine.Internal.ConsoleLogger., took 0 ms.
TpTrace Verbose: 0 : 23812, 4, 2023/08/26, 13:12:42.297, 9565513448767, vstest.console.dll, MulticastDelegateUtilities.SafeInvoke: InternalTestLoggerEvents.SendTestResult: Invoking callback 1/1 for Microsoft.VisualStudio.TestPlatform.CommandLine.Internal.ConsoleLogger., took 0 ms.
TpTrace Verbose: 0 : 23812, 4, 2023/08/26, 13:12:42.297, 9565513448943, vstest.console.dll, MulticastDelegateUtilities.SafeInvoke: InternalTestLoggerEvents.SendTestResult: Invoking callback 1/1 for Microsoft.VisualStudio.TestPlatform.CommandLine.Internal.ConsoleLogger., took 0 ms.
TpTrace Verbose: 0 : 23812, 4, 2023/08/26, 13:12:42.301, 9565513485974, vstest.console.dll, MulticastDelegateUtilities.SafeInvoke: InternalTestLoggerEvents.SendTestRunComplete: Invoking callback 1/2 for Microsoft.TestPlatform.Extensions.BlameDataCollector.BlameLogger., took 0 ms.
TpTrace Verbose: 0 : 23812, 4, 2023/08/26, 13:12:42.303, 9565513512989, vstest.console.dll, MulticastDelegateUtilities.SafeInvoke: InternalTestLoggerEvents.SendTestRunComplete: Invoking callback 2/2 for Microsoft.VisualStudio.TestPlatform.CommandLine.Internal.ConsoleLogger., took 2 ms.
TpTrace Verbose: 0 : 23812, 14, 2023/08/26, 13:12:42.304, 9565513516670, vstest.console.dll, TestRunRequest:TestRunComplete: Starting. IsAborted:False IsCanceled:False.
TpTrace Verbose: 0 : 23812, 14, 2023/08/26, 13:12:42.304, 9565513522828, vstest.console.dll, TestLoggerManager.HandleTestRunComplete: Ignoring as the object is disposed.
TpTrace Verbose: 0 : 23812, 14, 2023/08/26, 13:12:42.304, 9565513523921, vstest.console.dll, MulticastDelegateUtilities.SafeInvoke: TestRun.TestRunComplete: Invoking callback 1/2 for Microsoft.VisualStudio.TestPlatform.CommandLine.TestRunResultAggregator., took 0 ms.
TpTrace Verbose: 0 : 23812, 14, 2023/08/26, 13:12:42.305, 9565513524591, vstest.console.dll, MulticastDelegateUtilities.SafeInvoke: TestRun.TestRunComplete: Invoking callback 2/2 for Microsoft.VisualStudio.TestPlatform.CommandLine.Processors.RunTestsArgumentExecutor+TestRunRequestEventsRegistrar., took 0 ms.
TpTrace Information: 0 : 23812, 14, 2023/08/26, 13:12:42.305, 9565513525105, vstest.console.dll, TestRunRequest:TestRunComplete: Completed.
TpTrace Verbose: 0 : 23812, 14, 2023/08/26, 13:12:42.305, 9565513525372, vstest.console.dll, TestRequestSender.SetOperationComplete: Setting operation complete.
TpTrace Information: 0 : 23812, 14, 2023/08/26, 13:12:42.305, 9565513525513, vstest.console.dll, SocketServer.Stop: Stop server endPoint: 127.0.0.1:58506
TpTrace Information: 0 : 23812, 14, 2023/08/26, 13:12:42.305, 9565513525621, vstest.console.dll, SocketServer.Stop: Cancellation requested. Stopping message loop.
TpTrace Verbose: 0 : 23812, 14, 2023/08/26, 13:12:42.305, 9565513525812, vstest.console.dll, MulticastDelegateUtilities.SafeInvoke: LengthPrefixCommunicationChannel: MessageReceived: Invoking callback 1/1 for Microsoft.VisualStudio.TestPlatform.CommunicationUtilities.TestRequestSender+<>c__DisplayClass34_0., took 64 ms.
TpTrace Information: 0 : 23812, 14, 2023/08/26, 13:12:42.305, 9565513525987, vstest.console.dll, SocketServer.PrivateStop: Stopping server endPoint: 127.0.0.1:58506 error: 
TpTrace Verbose: 0 : 23812, 1, 2023/08/26, 13:12:42.305, 9565513526118, vstest.console.dll, TestRunRequest.Dispose: Starting.
TpTrace Information: 0 : 23812, 1, 2023/08/26, 13:12:42.305, 9565513526579, vstest.console.dll, TestRunRequest.Dispose: Completed.
TpTrace Information: 0 : 23812, 1, 2023/08/26, 13:12:42.305, 9565513526774, vstest.console.dll, TestRequestManager.RunTests: run tests completed.
TpTrace Information: 0 : 23812, 1, 2023/08/26, 13:12:42.305, 9565513527150, vstest.console.dll, RunTestsArgumentProcessor:Execute: Test run is completed.
TpTrace Verbose: 0 : 23812, 1, 2023/08/26, 13:12:42.305, 9565513528192, vstest.console.dll, Executor.Execute: Exiting with exit code of 0
TpTrace Verbose: 0 : 23812, 14, 2023/08/26, 13:12:42.305, 9565513529372, vstest.console.dll, LengthPrefixCommunicationChannel.Dispose: Dispose reader and writer.
TpTrace Information: 0 : 23812, 14, 2023/08/26, 13:12:42.305, 9565513529863, vstest.console.dll, SocketServer.Stop: Raise disconnected event endPoint: 127.0.0.1:58506 error: 
TpTrace Verbose: 0 : 23812, 14, 2023/08/26, 13:12:42.305, 9565513530400, vstest.console.dll, TestRequestSender: OnTestRunAbort: Operation is already complete. Skip error message.
TpTrace Verbose: 0 : 23812, 14, 2023/08/26, 13:12:42.305, 9565513530584, vstest.console.dll, MulticastDelegateUtilities.SafeInvoke: SocketServer: ClientDisconnected: Invoking callback 1/1 for Microsoft.VisualStudio.TestPlatform.CommunicationUtilities.TestRequestSender., took 0 ms.
TpTrace Verbose: 0 : 23812, 14, 2023/08/26, 13:12:42.305, 9565513530711, vstest.console.dll, TcpClientExtensions.MessageLoopAsync: exiting MessageLoopAsync remoteEndPoint: 127.0.0.1:58507 localEndPoint: 127.0.0.1:58506
