<?xml version="1.0" encoding="utf-8"?>
<coverage line-rate="0.9815" branch-rate="0.9642000000000001" version="1.9" timestamp="1693261831" lines-covered="160" lines-valid="163" branches-covered="54" branches-valid="56">
  <sources>
    <source>C:\Users\leoga\</source>
  </sources>
  <packages>
    <package name="lgLeetCodePractice" line-rate="0.9838" branch-rate="0.9642000000000001" complexity="57">
      <classes>
        <class name="Program" filename="source\repos\LeetCodePractice\src\lgLeetCodePractice\lgLeetCodePractice\Program.cs" line-rate="0" branch-rate="1" complexity="1">
          <methods>
            <method name="&lt;Main&gt;$" signature="(System.String[])" line-rate="0" branch-rate="1" complexity="1">
              <lines>
                <line number="4" hits="0" branch="False" />
              </lines>
            </method>
          </methods>
          <lines>
            <line number="4" hits="0" branch="False" />
          </lines>
        </class>
        <class name="lgLeetCodePractice.FindMedianSortedArraysSolver" filename="source\repos\LeetCodePractice\src\lgLeetCodePractice\lgLeetCodePractice\FindMedianSortedArraysSolver.cs" line-rate="1" branch-rate="0.9285" complexity="14">
          <methods>
            <method name="FindMedianSortedArrays" signature="(System.Int32[],System.Int32[])" line-rate="1" branch-rate="0.9285" complexity="14">
              <lines>
                <line number="12" hits="12" branch="False" />
                <line number="13" hits="12" branch="True" condition-coverage="100% (4/4)">
                  <conditions>
                    <condition number="2" type="jump" coverage="100%" />
                    <condition number="13" type="jump" coverage="100%" />
                  </conditions>
                </line>
                <line number="14" hits="1" branch="False" />
                <line number="15" hits="1" branch="False" />
                <line number="17" hits="11" branch="True" condition-coverage="100% (4/4)">
                  <conditions>
                    <condition number="30" type="jump" coverage="100%" />
                    <condition number="42" type="jump" coverage="100%" />
                  </conditions>
                </line>
                <line number="18" hits="1" branch="False" />
                <line number="19" hits="1" branch="False" />
                <line number="21" hits="10" branch="True" condition-coverage="75% (3/4)">
                  <conditions>
                    <condition number="58" type="jump" coverage="50%" />
                    <condition number="72" type="jump" coverage="100%" />
                  </conditions>
                </line>
                <line number="22" hits="1" branch="False" />
                <line number="23" hits="1" branch="False" />
                <line number="24" hits="1" branch="False" />
                <line number="26" hits="9" branch="False" />
                <line number="27" hits="9" branch="False" />
                <line number="28" hits="9" branch="False" />
                <line number="30" hits="10" branch="False" />
                <line number="31" hits="10" branch="False" />
                <line number="32" hits="10" branch="True" condition-coverage="100% (2/2)">
                  <conditions>
                    <condition number="115" type="jump" coverage="100%" />
                  </conditions>
                </line>
                <line number="33" hits="12" branch="False" />
              </lines>
            </method>
          </methods>
          <lines>
            <line number="12" hits="12" branch="False" />
            <line number="13" hits="12" branch="True" condition-coverage="100% (4/4)">
              <conditions>
                <condition number="2" type="jump" coverage="100%" />
                <condition number="13" type="jump" coverage="100%" />
              </conditions>
            </line>
            <line number="14" hits="1" branch="False" />
            <line number="15" hits="1" branch="False" />
            <line number="17" hits="11" branch="True" condition-coverage="100% (4/4)">
              <conditions>
                <condition number="30" type="jump" coverage="100%" />
                <condition number="42" type="jump" coverage="100%" />
              </conditions>
            </line>
            <line number="18" hits="1" branch="False" />
            <line number="19" hits="1" branch="False" />
            <line number="21" hits="10" branch="True" condition-coverage="75% (3/4)">
              <conditions>
                <condition number="58" type="jump" coverage="50%" />
                <condition number="72" type="jump" coverage="100%" />
              </conditions>
            </line>
            <line number="22" hits="1" branch="False" />
            <line number="23" hits="1" branch="False" />
            <line number="24" hits="1" branch="False" />
            <line number="26" hits="9" branch="False" />
            <line number="27" hits="9" branch="False" />
            <line number="28" hits="9" branch="False" />
            <line number="30" hits="10" branch="False" />
            <line number="31" hits="10" branch="False" />
            <line number="32" hits="10" branch="True" condition-coverage="100% (2/2)">
              <conditions>
                <condition number="115" type="jump" coverage="100%" />
              </conditions>
            </line>
            <line number="33" hits="12" branch="False" />
          </lines>
        </class>
        <class name="lgLeetCodePractice.LengthOfSubstringSolver" filename="source\repos\LeetCodePractice\src\lgLeetCodePractice\lgLeetCodePractice\LengthOfSubstringSolver.cs" line-rate="1" branch-rate="1" complexity="10">
          <methods>
            <method name="LengthOfLongestSubstring" signature="(System.String)" line-rate="1" branch-rate="1" complexity="10">
              <lines>
                <line number="12" hits="16" branch="False" />
                <line number="13" hits="16" branch="True" condition-coverage="100% (2/2)">
                  <conditions>
                    <condition number="11" type="jump" coverage="100%" />
                  </conditions>
                </line>
                <line number="14" hits="2" branch="False" />
                <line number="15" hits="2" branch="False" />
                <line number="17" hits="14" branch="True" condition-coverage="100% (2/2)">
                  <conditions>
                    <condition number="38" type="jump" coverage="100%" />
                  </conditions>
                </line>
                <line number="18" hits="1" branch="False" />
                <line number="19" hits="1" branch="False" />
                <line number="21" hits="13" branch="False" />
                <line number="22" hits="13" branch="False" />
                <line number="23" hits="13" branch="False" />
                <line number="24" hits="13" branch="False" />
                <line number="25" hits="13" branch="False" />
                <line number="27" hits="148" branch="True" condition-coverage="100% (2/2)">
                  <conditions>
                    <condition number="316" type="jump" coverage="100%" />
                  </conditions>
                </line>
                <line number="28" hits="135" branch="False" />
                <line number="29" hits="135" branch="False" />
                <line number="30" hits="135" branch="False" />
                <line number="32" hits="135" branch="True" condition-coverage="100% (2/2)">
                  <conditions>
                    <condition number="137" type="jump" coverage="100%" />
                  </conditions>
                </line>
                <line number="33" hits="60" branch="False" />
                <line number="34" hits="60" branch="False" />
                <line number="35" hits="60" branch="False" />
                <line number="37" hits="75" branch="False" />
                <line number="38" hits="75" branch="True" condition-coverage="100% (2/2)">
                  <conditions>
                    <condition number="163" type="jump" coverage="100%" />
                  </conditions>
                </line>
                <line number="39" hits="29" branch="False" />
                <line number="40" hits="29" branch="False" />
                <line number="41" hits="29" branch="False" />
                <line number="42" hits="75" branch="False" />
                <line number="43" hits="75" branch="False" />
                <line number="46" hits="135" branch="False" />
                <line number="47" hits="135" branch="False" />
                <line number="49" hits="13" branch="False" />
                <line number="50" hits="16" branch="False" />
              </lines>
            </method>
          </methods>
          <lines>
            <line number="12" hits="16" branch="False" />
            <line number="13" hits="16" branch="True" condition-coverage="100% (2/2)">
              <conditions>
                <condition number="11" type="jump" coverage="100%" />
              </conditions>
            </line>
            <line number="14" hits="2" branch="False" />
            <line number="15" hits="2" branch="False" />
            <line number="17" hits="14" branch="True" condition-coverage="100% (2/2)">
              <conditions>
                <condition number="38" type="jump" coverage="100%" />
              </conditions>
            </line>
            <line number="18" hits="1" branch="False" />
            <line number="19" hits="1" branch="False" />
            <line number="21" hits="13" branch="False" />
            <line number="22" hits="13" branch="False" />
            <line number="23" hits="13" branch="False" />
            <line number="24" hits="13" branch="False" />
            <line number="25" hits="13" branch="False" />
            <line number="27" hits="148" branch="True" condition-coverage="100% (2/2)">
              <conditions>
                <condition number="316" type="jump" coverage="100%" />
              </conditions>
            </line>
            <line number="28" hits="135" branch="False" />
            <line number="29" hits="135" branch="False" />
            <line number="30" hits="135" branch="False" />
            <line number="32" hits="135" branch="True" condition-coverage="100% (2/2)">
              <conditions>
                <condition number="137" type="jump" coverage="100%" />
              </conditions>
            </line>
            <line number="33" hits="60" branch="False" />
            <line number="34" hits="60" branch="False" />
            <line number="35" hits="60" branch="False" />
            <line number="37" hits="75" branch="False" />
            <line number="38" hits="75" branch="True" condition-coverage="100% (2/2)">
              <conditions>
                <condition number="163" type="jump" coverage="100%" />
              </conditions>
            </line>
            <line number="39" hits="29" branch="False" />
            <line number="40" hits="29" branch="False" />
            <line number="41" hits="29" branch="False" />
            <line number="42" hits="75" branch="False" />
            <line number="43" hits="75" branch="False" />
            <line number="46" hits="135" branch="False" />
            <line number="47" hits="135" branch="False" />
            <line number="49" hits="13" branch="False" />
            <line number="50" hits="16" branch="False" />
          </lines>
        </class>
        <class name="lgLeetCodePractice.LongestPalindromeSolver" filename="source\repos\LeetCodePractice\src\lgLeetCodePractice\lgLeetCodePractice\LongestPalindromeSolver.cs" line-rate="1" branch-rate="1" complexity="16">
          <methods>
            <method name="LongestPalindrome" signature="(System.String)" line-rate="1" branch-rate="1" complexity="16">
              <lines>
                <line number="12" hits="12" branch="False" />
                <line number="13" hits="12" branch="True" condition-coverage="100% (2/2)">
                  <conditions>
                    <condition number="9" type="jump" coverage="100%" />
                  </conditions>
                </line>
                <line number="14" hits="2" branch="False" />
                <line number="15" hits="2" branch="False" />
                <line number="18" hits="20" branch="False" />
                <line number="19" hits="130" branch="True" condition-coverage="100% (2/2)">
                  <conditions>
                    <condition number="203" type="jump" coverage="100%" />
                  </conditions>
                </line>
                <line number="20" hits="55" branch="False" />
                <line number="21" hits="110" branch="False" />
                <line number="22" hits="62" branch="True" condition-coverage="100% (4/4)">
                  <conditions>
                    <condition number="87" type="jump" coverage="100%" />
                    <condition number="58" type="jump" coverage="100%" />
                  </conditions>
                </line>
                <line number="23" hits="7" branch="False" />
                <line number="25" hits="67" branch="True" condition-coverage="100% (6/6)">
                  <conditions>
                    <condition number="151" type="jump" coverage="100%" />
                    <condition number="115" type="jump" coverage="100%" />
                    <condition number="120" type="jump" coverage="100%" />
                  </conditions>
                </line>
                <line number="26" hits="12" branch="False" />
                <line number="27" hits="12" branch="False" />
                <line number="28" hits="12" branch="False" />
                <line number="29" hits="12" branch="False" />
                <line number="30" hits="55" branch="True" condition-coverage="100% (2/2)">
                  <conditions>
                    <condition number="167" type="jump" coverage="100%" />
                  </conditions>
                </line>
                <line number="31" hits="18" branch="False" />
                <line number="32" hits="18" branch="False" />
                <line number="33" hits="18" branch="False" />
                <line number="34" hits="18" branch="False" />
                <line number="35" hits="55" branch="False" />
                <line number="36" hits="10" branch="False" />
                <line number="37" hits="12" branch="False" />
              </lines>
            </method>
          </methods>
          <lines>
            <line number="12" hits="12" branch="False" />
            <line number="13" hits="12" branch="True" condition-coverage="100% (2/2)">
              <conditions>
                <condition number="9" type="jump" coverage="100%" />
              </conditions>
            </line>
            <line number="14" hits="2" branch="False" />
            <line number="15" hits="2" branch="False" />
            <line number="18" hits="20" branch="False" />
            <line number="19" hits="130" branch="True" condition-coverage="100% (2/2)">
              <conditions>
                <condition number="203" type="jump" coverage="100%" />
              </conditions>
            </line>
            <line number="20" hits="55" branch="False" />
            <line number="21" hits="110" branch="False" />
            <line number="22" hits="62" branch="True" condition-coverage="100% (4/4)">
              <conditions>
                <condition number="87" type="jump" coverage="100%" />
                <condition number="58" type="jump" coverage="100%" />
              </conditions>
            </line>
            <line number="23" hits="7" branch="False" />
            <line number="25" hits="67" branch="True" condition-coverage="100% (6/6)">
              <conditions>
                <condition number="151" type="jump" coverage="100%" />
                <condition number="115" type="jump" coverage="100%" />
                <condition number="120" type="jump" coverage="100%" />
              </conditions>
            </line>
            <line number="26" hits="12" branch="False" />
            <line number="27" hits="12" branch="False" />
            <line number="28" hits="12" branch="False" />
            <line number="29" hits="12" branch="False" />
            <line number="30" hits="55" branch="True" condition-coverage="100% (2/2)">
              <conditions>
                <condition number="167" type="jump" coverage="100%" />
              </conditions>
            </line>
            <line number="31" hits="18" branch="False" />
            <line number="32" hits="18" branch="False" />
            <line number="33" hits="18" branch="False" />
            <line number="34" hits="18" branch="False" />
            <line number="35" hits="55" branch="False" />
            <line number="36" hits="10" branch="False" />
            <line number="37" hits="12" branch="False" />
          </lines>
        </class>
        <class name="lgLeetCodePractice.RomanToIntSolver" filename="source\repos\LeetCodePractice\src\lgLeetCodePractice\lgLeetCodePractice\RomanToIntSolver.cs" line-rate="1" branch-rate="1" complexity="8">
          <methods>
            <method name="RomanToInt" signature="(System.String)" line-rate="1" branch-rate="1" complexity="8">
              <lines>
                <line number="12" hits="11" branch="False" />
                <line number="13" hits="11" branch="False" />
                <line number="14" hits="11" branch="False" />
                <line number="15" hits="11" branch="False" />
                <line number="16" hits="11" branch="False" />
                <line number="17" hits="11" branch="False" />
                <line number="18" hits="11" branch="False" />
                <line number="19" hits="11" branch="False" />
                <line number="20" hits="166" branch="True" condition-coverage="100% (4/4)">
                  <conditions>
                    <condition number="262" type="jump" coverage="100%" />
                    <condition number="247" type="jump" coverage="100%" />
                  </conditions>
                </line>
                <line number="21" hits="155" branch="False" />
                <line number="22" hits="155" branch="True" condition-coverage="100% (4/4)">
                  <conditions>
                    <condition number="175" type="jump" coverage="100%" />
                    <condition number="193" type="jump" coverage="100%" />
                  </conditions>
                </line>
                <line number="23" hits="45" branch="False" />
                <line number="24" hits="45" branch="False" />
                <line number="25" hits="45" branch="False" />
                <line number="26" hits="45" branch="False" />
                <line number="27" hits="45" branch="False" />
                <line number="29" hits="110" branch="False" />
                <line number="30" hits="110" branch="False" />
                <line number="31" hits="110" branch="False" />
                <line number="32" hits="110" branch="False" />
                <line number="33" hits="155" branch="False" />
                <line number="35" hits="11" branch="False" />
                <line number="36" hits="11" branch="False" />
              </lines>
            </method>
          </methods>
          <lines>
            <line number="12" hits="11" branch="False" />
            <line number="13" hits="11" branch="False" />
            <line number="14" hits="11" branch="False" />
            <line number="15" hits="11" branch="False" />
            <line number="16" hits="11" branch="False" />
            <line number="17" hits="11" branch="False" />
            <line number="18" hits="11" branch="False" />
            <line number="19" hits="11" branch="False" />
            <line number="20" hits="166" branch="True" condition-coverage="100% (4/4)">
              <conditions>
                <condition number="262" type="jump" coverage="100%" />
                <condition number="247" type="jump" coverage="100%" />
              </conditions>
            </line>
            <line number="21" hits="155" branch="False" />
            <line number="22" hits="155" branch="True" condition-coverage="100% (4/4)">
              <conditions>
                <condition number="175" type="jump" coverage="100%" />
                <condition number="193" type="jump" coverage="100%" />
              </conditions>
            </line>
            <line number="23" hits="45" branch="False" />
            <line number="24" hits="45" branch="False" />
            <line number="25" hits="45" branch="False" />
            <line number="26" hits="45" branch="False" />
            <line number="27" hits="45" branch="False" />
            <line number="29" hits="110" branch="False" />
            <line number="30" hits="110" branch="False" />
            <line number="31" hits="110" branch="False" />
            <line number="32" hits="110" branch="False" />
            <line number="33" hits="155" branch="False" />
            <line number="35" hits="11" branch="False" />
            <line number="36" hits="11" branch="False" />
          </lines>
        </class>
        <class name="lgLeetCodePractice.TwoSumSolver" filename="source\repos\LeetCodePractice\src\lgLeetCodePractice\lgLeetCodePractice\TwoSumSolver.cs" line-rate="0.9642000000000001" branch-rate="0.875" complexity="8">
          <methods>
            <method name="TwoSum" signature="(System.Int32[],System.Int32)" line-rate="0.9642000000000001" branch-rate="0.875" complexity="8">
              <lines>
                <line number="13" hits="4" branch="False" />
                <line number="14" hits="4" branch="False" />
                <line number="15" hits="4" branch="False" />
                <line number="17" hits="4" branch="False" />
                <line number="18" hits="4" branch="False" />
                <line number="19" hits="4" branch="False" />
                <line number="20" hits="8" branch="True" condition-coverage="50% (1/2)">
                  <conditions>
                    <condition number="160" type="jump" coverage="50%" />
                  </conditions>
                </line>
                <line number="21" hits="8" branch="False" />
                <line number="22" hits="8" branch="False" />
                <line number="24" hits="8" branch="True" condition-coverage="100% (2/2)">
                  <conditions>
                    <condition number="48" type="jump" coverage="100%" />
                  </conditions>
                </line>
                <line number="25" hits="3" branch="False" />
                <line number="26" hits="3" branch="False" />
                <line number="27" hits="3" branch="False" />
                <line number="28" hits="5" branch="True" condition-coverage="100% (2/2)">
                  <conditions>
                    <condition number="67" type="jump" coverage="100%" />
                  </conditions>
                </line>
                <line number="29" hits="1" branch="False" />
                <line number="30" hits="1" branch="False" />
                <line number="31" hits="1" branch="False" />
                <line number="33" hits="4" branch="False" />
                <line number="34" hits="4" branch="False" />
                <line number="35" hits="4" branch="False" />
                <line number="36" hits="5" branch="True" condition-coverage="100% (2/2)">
                  <conditions>
                    <condition number="129" type="jump" coverage="100%" />
                  </conditions>
                </line>
                <line number="37" hits="1" branch="False" />
                <line number="38" hits="1" branch="False" />
                <line number="39" hits="1" branch="False" />
                <line number="40" hits="4" branch="False" />
                <line number="42" hits="4" branch="False" />
                <line number="44" hits="0" branch="False" />
                <line number="45" hits="4" branch="False" />
              </lines>
            </method>
          </methods>
          <lines>
            <line number="13" hits="4" branch="False" />
            <line number="14" hits="4" branch="False" />
            <line number="15" hits="4" branch="False" />
            <line number="17" hits="4" branch="False" />
            <line number="18" hits="4" branch="False" />
            <line number="19" hits="4" branch="False" />
            <line number="20" hits="8" branch="True" condition-coverage="50% (1/2)">
              <conditions>
                <condition number="160" type="jump" coverage="50%" />
              </conditions>
            </line>
            <line number="21" hits="8" branch="False" />
            <line number="22" hits="8" branch="False" />
            <line number="24" hits="8" branch="True" condition-coverage="100% (2/2)">
              <conditions>
                <condition number="48" type="jump" coverage="100%" />
              </conditions>
            </line>
            <line number="25" hits="3" branch="False" />
            <line number="26" hits="3" branch="False" />
            <line number="27" hits="3" branch="False" />
            <line number="28" hits="5" branch="True" condition-coverage="100% (2/2)">
              <conditions>
                <condition number="67" type="jump" coverage="100%" />
              </conditions>
            </line>
            <line number="29" hits="1" branch="False" />
            <line number="30" hits="1" branch="False" />
            <line number="31" hits="1" branch="False" />
            <line number="33" hits="4" branch="False" />
            <line number="34" hits="4" branch="False" />
            <line number="35" hits="4" branch="False" />
            <line number="36" hits="5" branch="True" condition-coverage="100% (2/2)">
              <conditions>
                <condition number="129" type="jump" coverage="100%" />
              </conditions>
            </line>
            <line number="37" hits="1" branch="False" />
            <line number="38" hits="1" branch="False" />
            <line number="39" hits="1" branch="False" />
            <line number="40" hits="4" branch="False" />
            <line number="42" hits="4" branch="False" />
            <line number="44" hits="0" branch="False" />
            <line number="45" hits="4" branch="False" />
          </lines>
        </class>
      </classes>
    </package>
    <package name="lgLeetCodePractice.Tests" line-rate="0.9743" branch-rate="1" complexity="9">
      <classes>
        <class name="AutoGeneratedProgram" filename=".nuget\packages\microsoft.net.test.sdk\17.7.1\build\netcoreapp3.1\Microsoft.NET.Test.Sdk.Program.cs" line-rate="0" branch-rate="1" complexity="1">
          <methods>
            <method name="Main" signature="(System.String[])" line-rate="0" branch-rate="1" complexity="1">
              <lines>
                <line number="4" hits="0" branch="False" />
              </lines>
            </method>
          </methods>
          <lines>
            <line number="4" hits="0" branch="False" />
          </lines>
        </class>
        <class name="lgLeetCodePractice.Tests.FindMedianSortedArraysSolverTests" filename="source\repos\LeetCodePractice\src\lgLeetCodePractice.Tests\FindMedianSortedArraysSolverTests.cs" line-rate="1" branch-rate="1" complexity="2">
          <methods>
            <method name="CreateFindMedianSortedArraysSolver" signature="()" line-rate="1" branch-rate="1" complexity="1">
              <lines>
                <line number="12" hits="12" branch="False" />
                <line number="13" hits="12" branch="False" />
                <line number="14" hits="12" branch="False" />
              </lines>
            </method>
            <method name="FindMedianSortedArrays" signature="(System.Int32[],System.Int32[],System.Double)" line-rate="1" branch-rate="1" complexity="1">
              <lines>
                <line number="30" hits="12" branch="False" />
                <line number="32" hits="12" branch="False" />
                <line number="35" hits="12" branch="False" />
                <line number="36" hits="12" branch="False" />
                <line number="37" hits="12" branch="False" />
                <line number="40" hits="12" branch="False" />
                <line number="41" hits="12" branch="False" />
              </lines>
            </method>
          </methods>
          <lines>
            <line number="12" hits="12" branch="False" />
            <line number="13" hits="12" branch="False" />
            <line number="14" hits="12" branch="False" />
            <line number="30" hits="12" branch="False" />
            <line number="32" hits="12" branch="False" />
            <line number="35" hits="12" branch="False" />
            <line number="36" hits="12" branch="False" />
            <line number="37" hits="12" branch="False" />
            <line number="40" hits="12" branch="False" />
            <line number="41" hits="12" branch="False" />
          </lines>
        </class>
        <class name="lgLeetCodePractice.Tests.LengthOfSubstringSolverTests" filename="source\repos\LeetCodePractice\src\lgLeetCodePractice.Tests\LengthOfSubstringSolverTests.cs" line-rate="1" branch-rate="1" complexity="1">
          <methods>
            <method name="LengthOfLongestSubstring" signature="(System.String,System.Int32)" line-rate="1" branch-rate="1" complexity="1">
              <lines>
                <line number="30" hits="16" branch="False" />
                <line number="32" hits="16" branch="False" />
                <line number="35" hits="16" branch="False" />
                <line number="38" hits="16" branch="False" />
                <line number="39" hits="16" branch="False" />
              </lines>
            </method>
          </methods>
          <lines>
            <line number="30" hits="16" branch="False" />
            <line number="32" hits="16" branch="False" />
            <line number="35" hits="16" branch="False" />
            <line number="38" hits="16" branch="False" />
            <line number="39" hits="16" branch="False" />
          </lines>
        </class>
        <class name="lgLeetCodePractice.Tests.LongestPalindromeSolverTests" filename="source\repos\LeetCodePractice\src\lgLeetCodePractice.Tests\LongestPalindromeSolverTests.cs" line-rate="1" branch-rate="1" complexity="2">
          <methods>
            <method name="CreateLongestPalindromeSolver" signature="()" line-rate="1" branch-rate="1" complexity="1">
              <lines>
                <line number="12" hits="12" branch="False" />
                <line number="13" hits="12" branch="False" />
                <line number="14" hits="12" branch="False" />
              </lines>
            </method>
            <method name="LongestPalindrome" signature="(System.String,System.String)" line-rate="1" branch-rate="1" complexity="1">
              <lines>
                <line number="30" hits="12" branch="False" />
                <line number="32" hits="12" branch="False" />
                <line number="35" hits="12" branch="False" />
                <line number="38" hits="12" branch="False" />
                <line number="39" hits="12" branch="False" />
              </lines>
            </method>
          </methods>
          <lines>
            <line number="12" hits="12" branch="False" />
            <line number="13" hits="12" branch="False" />
            <line number="14" hits="12" branch="False" />
            <line number="30" hits="12" branch="False" />
            <line number="32" hits="12" branch="False" />
            <line number="35" hits="12" branch="False" />
            <line number="38" hits="12" branch="False" />
            <line number="39" hits="12" branch="False" />
          </lines>
        </class>
        <class name="lgLeetCodePractice.Tests.RomanToIntSolverTests" filename="source\repos\LeetCodePractice\src\lgLeetCodePractice.Tests\RomanToIntSolverTests.cs" line-rate="1" branch-rate="1" complexity="2">
          <methods>
            <method name="CreateRomanToIntSolver" signature="()" line-rate="1" branch-rate="1" complexity="1">
              <lines>
                <line number="12" hits="11" branch="False" />
                <line number="13" hits="11" branch="False" />
                <line number="14" hits="11" branch="False" />
              </lines>
            </method>
            <method name="RomanToInt" signature="(System.String,System.Int32)" line-rate="1" branch-rate="1" complexity="1">
              <lines>
                <line number="29" hits="11" branch="False" />
                <line number="31" hits="11" branch="False" />
                <line number="34" hits="11" branch="False" />
                <line number="37" hits="11" branch="False" />
                <line number="38" hits="11" branch="False" />
              </lines>
            </method>
          </methods>
          <lines>
            <line number="12" hits="11" branch="False" />
            <line number="13" hits="11" branch="False" />
            <line number="14" hits="11" branch="False" />
            <line number="29" hits="11" branch="False" />
            <line number="31" hits="11" branch="False" />
            <line number="34" hits="11" branch="False" />
            <line number="37" hits="11" branch="False" />
            <line number="38" hits="11" branch="False" />
          </lines>
        </class>
        <class name="lgLeetCodePractice.Tests.TwoSumSolverTests" filename="source\repos\LeetCodePractice\src\lgLeetCodePractice.Tests\TwoSumSolverTests.cs" line-rate="1" branch-rate="1" complexity="1">
          <methods>
            <method name="TwoSumResults" signature="(System.Int32[],System.Int32,System.Int32[])" line-rate="1" branch-rate="1" complexity="1">
              <lines>
                <line number="16" hits="4" branch="False" />
                <line number="18" hits="4" branch="False" />
                <line number="21" hits="4" branch="False" />
                <line number="22" hits="4" branch="False" />
                <line number="23" hits="4" branch="False" />
                <line number="26" hits="4" branch="False" />
                <line number="27" hits="4" branch="False" />
              </lines>
            </method>
          </methods>
          <lines>
            <line number="16" hits="4" branch="False" />
            <line number="18" hits="4" branch="False" />
            <line number="21" hits="4" branch="False" />
            <line number="22" hits="4" branch="False" />
            <line number="23" hits="4" branch="False" />
            <line number="26" hits="4" branch="False" />
            <line number="27" hits="4" branch="False" />
          </lines>
        </class>
      </classes>
    </package>
  </packages>
</coverage>